{"/Users/pfk/Projects/wandyhwarang/frontend/src/App.js": {"path":"/Users/pfk/Projects/wandyhwarang/frontend/src/App.js","statementMap":{"0":{"start":{"line":14,"column":54},"end":{"line":14,"column":63}},"1":{"start":{"line":15,"column":42},"end":{"line":15,"column":56}},"2":{"start":{"line":16,"column":38},"end":{"line":16,"column":49}},"3":{"start":{"line":18,"column":21},"end":{"line":21,"column":3}},"4":{"start":{"line":19,"column":4},"end":{"line":19,"column":26}},"5":{"start":{"line":20,"column":4},"end":{"line":20,"column":38}},"6":{"start":{"line":20,"column":28},"end":{"line":20,"column":36}},"7":{"start":{"line":23,"column":21},"end":{"line":25,"column":3}},"8":{"start":{"line":24,"column":4},"end":{"line":24,"column":26}},"9":{"start":{"line":27,"column":23},"end":{"line":29,"column":3}},"10":{"start":{"line":28,"column":4},"end":{"line":28,"column":26}},"11":{"start":{"line":31,"column":23},"end":{"line":33,"column":3}},"12":{"start":{"line":32,"column":4},"end":{"line":32,"column":13}},"13":{"start":{"line":35,"column":2},"end":{"line":44,"column":3}},"14":{"start":{"line":36,"column":4},"end":{"line":43,"column":6}},"15":{"start":{"line":46,"column":2},"end":{"line":92,"column":4}}},"fnMap":{"0":{"name":"App","decl":{"start":{"line":13,"column":9},"end":{"line":13,"column":12}},"loc":{"start":{"line":13,"column":15},"end":{"line":93,"column":1}},"line":13},"1":{"name":"(anonymous_1)","decl":{"start":{"line":18,"column":21},"end":{"line":18,"column":22}},"loc":{"start":{"line":18,"column":27},"end":{"line":21,"column":3}},"line":18},"2":{"name":"(anonymous_2)","decl":{"start":{"line":20,"column":18},"end":{"line":20,"column":19}},"loc":{"start":{"line":20,"column":28},"end":{"line":20,"column":36}},"line":20},"3":{"name":"(anonymous_3)","decl":{"start":{"line":23,"column":21},"end":{"line":23,"column":22}},"loc":{"start":{"line":23,"column":31},"end":{"line":25,"column":3}},"line":23},"4":{"name":"(anonymous_4)","decl":{"start":{"line":27,"column":23},"end":{"line":27,"column":24}},"loc":{"start":{"line":27,"column":29},"end":{"line":29,"column":3}},"line":27},"5":{"name":"(anonymous_5)","decl":{"start":{"line":31,"column":23},"end":{"line":31,"column":24}},"loc":{"start":{"line":31,"column":29},"end":{"line":33,"column":3}},"line":31},"6":{"name":"(anonymous_6)","decl":{"start":{"line":48,"column":63},"end":{"line":48,"column":64}},"loc":{"start":{"line":48,"column":69},"end":{"line":48,"column":71}},"line":48},"7":{"name":"(anonymous_7)","decl":{"start":{"line":87,"column":39},"end":{"line":87,"column":40}},"loc":{"start":{"line":87,"column":45},"end":{"line":87,"column":47}},"line":87}},"branchMap":{"0":{"loc":{"start":{"line":35,"column":2},"end":{"line":44,"column":3}},"type":"if","locations":[{"start":{"line":35,"column":2},"end":{"line":44,"column":3}},{"start":{},"end":{}}],"line":35},"1":{"loc":{"start":{"line":56,"column":10},"end":{"line":88,"column":11}},"type":"cond-expr","locations":[{"start":{"line":57,"column":12},"end":{"line":85,"column":18}},{"start":{"line":87,"column":12},"end":{"line":87,"column":51}}],"line":56}},"s":{"0":0,"1":0,"2":0,"3":0,"4":0,"5":0,"6":0,"7":0,"8":0,"9":0,"10":0,"11":0,"12":0,"13":0,"14":0,"15":0},"f":{"0":0,"1":0,"2":0,"3":0,"4":0,"5":0,"6":0,"7":0},"b":{"0":[0,0],"1":[0,0]}}
,"/Users/pfk/Projects/wandyhwarang/frontend/src/index.js": {"path":"/Users/pfk/Projects/wandyhwarang/frontend/src/index.js","statementMap":{"0":{"start":{"line":8,"column":13},"end":{"line":8,"column":65}},"1":{"start":{"line":9,"column":0},"end":{"line":17,"column":2}}},"fnMap":{},"branchMap":{},"s":{"0":0,"1":0},"f":{},"b":{}}
,"/Users/pfk/Projects/wandyhwarang/frontend/src/components/BeltForm.js": {"path":"/Users/pfk/Projects/wandyhwarang/frontend/src/components/BeltForm.js","statementMap":{"0":{"start":{"line":7,"column":20},"end":{"line":7,"column":29}},"1":{"start":{"line":8,"column":34},"end":{"line":11,"column":4}},"2":{"start":{"line":12,"column":40},"end":{"line":12,"column":54}},"3":{"start":{"line":13,"column":28},"end":{"line":13,"column":40}},"4":{"start":{"line":14,"column":32},"end":{"line":14,"column":47}},"5":{"start":{"line":16,"column":23},"end":{"line":22,"column":3}},"6":{"start":{"line":17,"column":28},"end":{"line":17,"column":36}},"7":{"start":{"line":18,"column":4},"end":{"line":21,"column":8}},"8":{"start":{"line":18,"column":27},"end":{"line":21,"column":5}},"9":{"start":{"line":24,"column":23},"end":{"line":72,"column":3}},"10":{"start":{"line":25,"column":4},"end":{"line":25,"column":23}},"11":{"start":{"line":26,"column":4},"end":{"line":26,"column":17}},"12":{"start":{"line":27,"column":4},"end":{"line":27,"column":21}},"13":{"start":{"line":29,"column":4},"end":{"line":71,"column":5}},"14":{"start":{"line":30,"column":6},"end":{"line":60,"column":7}},"15":{"start":{"line":32,"column":25},"end":{"line":39,"column":10}},"16":{"start":{"line":40,"column":21},"end":{"line":40,"column":42}},"17":{"start":{"line":41,"column":8},"end":{"line":44,"column":9}},"18":{"start":{"line":42,"column":10},"end":{"line":42,"column":58}},"19":{"start":{"line":43,"column":10},"end":{"line":43,"column":17}},"20":{"start":{"line":47,"column":25},"end":{"line":54,"column":10}},"21":{"start":{"line":55,"column":21},"end":{"line":55,"column":42}},"22":{"start":{"line":56,"column":8},"end":{"line":59,"column":9}},"23":{"start":{"line":57,"column":10},"end":{"line":57,"column":55}},"24":{"start":{"line":58,"column":10},"end":{"line":58,"column":17}},"25":{"start":{"line":61,"column":6},"end":{"line":61,"column":15}},"26":{"start":{"line":62,"column":6},"end":{"line":65,"column":9}},"27":{"start":{"line":66,"column":6},"end":{"line":66,"column":27}},"28":{"start":{"line":68,"column":6},"end":{"line":68,"column":36}},"29":{"start":{"line":70,"column":6},"end":{"line":70,"column":24}},"30":{"start":{"line":74,"column":23},"end":{"line":98,"column":3}},"31":{"start":{"line":75,"column":4},"end":{"line":77,"column":5}},"32":{"start":{"line":76,"column":6},"end":{"line":76,"column":13}},"33":{"start":{"line":79,"column":4},"end":{"line":79,"column":21}},"34":{"start":{"line":80,"column":4},"end":{"line":97,"column":5}},"35":{"start":{"line":81,"column":23},"end":{"line":86,"column":8}},"36":{"start":{"line":87,"column":19},"end":{"line":87,"column":40}},"37":{"start":{"line":88,"column":6},"end":{"line":91,"column":7}},"38":{"start":{"line":89,"column":8},"end":{"line":89,"column":56}},"39":{"start":{"line":90,"column":8},"end":{"line":90,"column":15}},"40":{"start":{"line":92,"column":6},"end":{"line":92,"column":15}},"41":{"start":{"line":94,"column":6},"end":{"line":94,"column":36}},"42":{"start":{"line":96,"column":6},"end":{"line":96,"column":24}},"43":{"start":{"line":100,"column":21},"end":{"line":106,"column":3}},"44":{"start":{"line":101,"column":4},"end":{"line":101,"column":25}},"45":{"start":{"line":102,"column":4},"end":{"line":105,"column":7}},"46":{"start":{"line":108,"column":23},"end":{"line":115,"column":3}},"47":{"start":{"line":109,"column":4},"end":{"line":109,"column":25}},"48":{"start":{"line":110,"column":4},"end":{"line":113,"column":7}},"49":{"start":{"line":114,"column":4},"end":{"line":114,"column":17}},"50":{"start":{"line":117,"column":2},"end":{"line":210,"column":4}},"51":{"start":{"line":135,"column":14},"end":{"line":137,"column":23}},"52":{"start":{"line":183,"column":16},"end":{"line":203,"column":21}},"53":{"start":{"line":190,"column":37},"end":{"line":190,"column":53}},"54":{"start":{"line":197,"column":37},"end":{"line":197,"column":58}}},"fnMap":{"0":{"name":"BeltForm","decl":{"start":{"line":6,"column":9},"end":{"line":6,"column":17}},"loc":{"start":{"line":6,"column":54},"end":{"line":211,"column":1}},"line":6},"1":{"name":"(anonymous_1)","decl":{"start":{"line":16,"column":23},"end":{"line":16,"column":24}},"loc":{"start":{"line":16,"column":30},"end":{"line":22,"column":3}},"line":16},"2":{"name":"(anonymous_2)","decl":{"start":{"line":18,"column":16},"end":{"line":18,"column":17}},"loc":{"start":{"line":18,"column":27},"end":{"line":21,"column":5}},"line":18},"3":{"name":"(anonymous_3)","decl":{"start":{"line":24,"column":23},"end":{"line":24,"column":24}},"loc":{"start":{"line":24,"column":36},"end":{"line":72,"column":3}},"line":24},"4":{"name":"(anonymous_4)","decl":{"start":{"line":74,"column":23},"end":{"line":74,"column":24}},"loc":{"start":{"line":74,"column":41},"end":{"line":98,"column":3}},"line":74},"5":{"name":"(anonymous_5)","decl":{"start":{"line":100,"column":21},"end":{"line":100,"column":22}},"loc":{"start":{"line":100,"column":31},"end":{"line":106,"column":3}},"line":100},"6":{"name":"(anonymous_6)","decl":{"start":{"line":108,"column":23},"end":{"line":108,"column":24}},"loc":{"start":{"line":108,"column":29},"end":{"line":115,"column":3}},"line":108},"7":{"name":"(anonymous_7)","decl":{"start":{"line":134,"column":29},"end":{"line":134,"column":30}},"loc":{"start":{"line":135,"column":14},"end":{"line":137,"column":23}},"line":135},"8":{"name":"(anonymous_8)","decl":{"start":{"line":182,"column":25},"end":{"line":182,"column":26}},"loc":{"start":{"line":183,"column":16},"end":{"line":203,"column":21}},"line":183},"9":{"name":"(anonymous_9)","decl":{"start":{"line":190,"column":31},"end":{"line":190,"column":32}},"loc":{"start":{"line":190,"column":37},"end":{"line":190,"column":53}},"line":190},"10":{"name":"(anonymous_10)","decl":{"start":{"line":197,"column":31},"end":{"line":197,"column":32}},"loc":{"start":{"line":197,"column":37},"end":{"line":197,"column":58}},"line":197}},"branchMap":{"0":{"loc":{"start":{"line":30,"column":6},"end":{"line":60,"column":7}},"type":"if","locations":[{"start":{"line":30,"column":6},"end":{"line":60,"column":7}},{"start":{"line":45,"column":13},"end":{"line":60,"column":7}}],"line":30},"1":{"loc":{"start":{"line":41,"column":8},"end":{"line":44,"column":9}},"type":"if","locations":[{"start":{"line":41,"column":8},"end":{"line":44,"column":9}},{"start":{},"end":{}}],"line":41},"2":{"loc":{"start":{"line":42,"column":19},"end":{"line":42,"column":56}},"type":"binary-expr","locations":[{"start":{"line":42,"column":19},"end":{"line":42,"column":29}},{"start":{"line":42,"column":33},"end":{"line":42,"column":56}}],"line":42},"3":{"loc":{"start":{"line":56,"column":8},"end":{"line":59,"column":9}},"type":"if","locations":[{"start":{"line":56,"column":8},"end":{"line":59,"column":9}},{"start":{},"end":{}}],"line":56},"4":{"loc":{"start":{"line":57,"column":19},"end":{"line":57,"column":53}},"type":"binary-expr","locations":[{"start":{"line":57,"column":19},"end":{"line":57,"column":29}},{"start":{"line":57,"column":33},"end":{"line":57,"column":53}}],"line":57},"5":{"loc":{"start":{"line":75,"column":4},"end":{"line":77,"column":5}},"type":"if","locations":[{"start":{"line":75,"column":4},"end":{"line":77,"column":5}},{"start":{},"end":{}}],"line":75},"6":{"loc":{"start":{"line":88,"column":6},"end":{"line":91,"column":7}},"type":"if","locations":[{"start":{"line":88,"column":6},"end":{"line":91,"column":7}},{"start":{},"end":{}}],"line":88},"7":{"loc":{"start":{"line":89,"column":17},"end":{"line":89,"column":54}},"type":"binary-expr","locations":[{"start":{"line":89,"column":17},"end":{"line":89,"column":27}},{"start":{"line":89,"column":31},"end":{"line":89,"column":54}}],"line":89},"8":{"loc":{"start":{"line":104,"column":20},"end":{"line":104,"column":94}},"type":"binary-expr","locations":[{"start":{"line":104,"column":20},"end":{"line":104,"column":52}},{"start":{"line":104,"column":56},"end":{"line":104,"column":94}}],"line":104},"9":{"loc":{"start":{"line":122,"column":9},"end":{"line":122,"column":62}},"type":"binary-expr","locations":[{"start":{"line":122,"column":9},"end":{"line":122,"column":14}},{"start":{"line":122,"column":18},"end":{"line":122,"column":62}}],"line":122},"10":{"loc":{"start":{"line":156,"column":13},"end":{"line":156,"column":77}},"type":"cond-expr","locations":[{"start":{"line":156,"column":23},"end":{"line":156,"column":34}},{"start":{"line":156,"column":37},"end":{"line":156,"column":77}}],"line":156},"11":{"loc":{"start":{"line":156,"column":37},"end":{"line":156,"column":77}},"type":"cond-expr","locations":[{"start":{"line":156,"column":51},"end":{"line":156,"column":64}},{"start":{"line":156,"column":67},"end":{"line":156,"column":77}}],"line":156},"12":{"loc":{"start":{"line":158,"column":11},"end":{"line":162,"column":11}},"type":"binary-expr","locations":[{"start":{"line":158,"column":11},"end":{"line":158,"column":22}},{"start":{"line":159,"column":12},"end":{"line":161,"column":21}}],"line":158},"13":{"loc":{"start":{"line":169,"column":7},"end":{"line":208,"column":7}},"type":"binary-expr","locations":[{"start":{"line":169,"column":7},"end":{"line":169,"column":12}},{"start":{"line":169,"column":16},"end":{"line":169,"column":32}},{"start":{"line":170,"column":8},"end":{"line":207,"column":14}}],"line":169},"14":{"loc":{"start":{"line":186,"column":23},"end":{"line":186,"column":50}},"type":"binary-expr","locations":[{"start":{"line":186,"column":23},"end":{"line":186,"column":43}},{"start":{"line":186,"column":47},"end":{"line":186,"column":50}}],"line":186}},"s":{"0":0,"1":0,"2":0,"3":0,"4":0,"5":0,"6":0,"7":0,"8":0,"9":0,"10":0,"11":0,"12":0,"13":0,"14":0,"15":0,"16":0,"17":0,"18":0,"19":0,"20":0,"21":0,"22":0,"23":0,"24":0,"25":0,"26":0,"27":0,"28":0,"29":0,"30":0,"31":0,"32":0,"33":0,"34":0,"35":0,"36":0,"37":0,"38":0,"39":0,"40":0,"41":0,"42":0,"43":0,"44":0,"45":0,"46":0,"47":0,"48":0,"49":0,"50":0,"51":0,"52":0,"53":0,"54":0},"f":{"0":0,"1":0,"2":0,"3":0,"4":0,"5":0,"6":0,"7":0,"8":0,"9":0,"10":0},"b":{"0":[0,0],"1":[0,0],"2":[0,0],"3":[0,0],"4":[0,0],"5":[0,0],"6":[0,0],"7":[0,0],"8":[0,0],"9":[0,0],"10":[0,0],"11":[0,0],"12":[0,0],"13":[0,0,0],"14":[0,0]}}
,"/Users/pfk/Projects/wandyhwarang/frontend/src/components/UserForm.js": {"path":"/Users/pfk/Projects/wandyhwarang/frontend/src/components/UserForm.js","statementMap":{"0":{"start":{"line":8,"column":27},"end":{"line":8,"column":36}},"1":{"start":{"line":9,"column":34},"end":{"line":19,"column":4}},"2":{"start":{"line":20,"column":28},"end":{"line":20,"column":40}},"3":{"start":{"line":21,"column":28},"end":{"line":21,"column":40}},"4":{"start":{"line":22,"column":32},"end":{"line":22,"column":47}},"5":{"start":{"line":23,"column":42},"end":{"line":23,"column":57}},"6":{"start":{"line":24,"column":28},"end":{"line":24,"column":40}},"7":{"start":{"line":25,"column":46},"end":{"line":25,"column":57}},"8":{"start":{"line":27,"column":2},"end":{"line":41,"column":9}},"9":{"start":{"line":29,"column":23},"end":{"line":39,"column":5}},"10":{"start":{"line":30,"column":6},"end":{"line":38,"column":7}},"11":{"start":{"line":31,"column":25},"end":{"line":31,"column":50}},"12":{"start":{"line":32,"column":21},"end":{"line":32,"column":42}},"13":{"start":{"line":33,"column":8},"end":{"line":35,"column":9}},"14":{"start":{"line":34,"column":10},"end":{"line":34,"column":36}},"15":{"start":{"line":37,"column":8},"end":{"line":37,"column":53}},"16":{"start":{"line":40,"column":4},"end":{"line":40,"column":17}},"17":{"start":{"line":43,"column":2},"end":{"line":63,"column":29}},"18":{"start":{"line":44,"column":4},"end":{"line":62,"column":5}},"19":{"start":{"line":45,"column":6},"end":{"line":55,"column":9}},"20":{"start":{"line":57,"column":6},"end":{"line":59,"column":7}},"21":{"start":{"line":58,"column":8},"end":{"line":58,"column":35}},"22":{"start":{"line":61,"column":6},"end":{"line":61,"column":19}},"23":{"start":{"line":65,"column":23},"end":{"line":71,"column":3}},"24":{"start":{"line":66,"column":28},"end":{"line":66,"column":36}},"25":{"start":{"line":67,"column":4},"end":{"line":70,"column":8}},"26":{"start":{"line":67,"column":27},"end":{"line":70,"column":5}},"27":{"start":{"line":73,"column":23},"end":{"line":96,"column":3}},"28":{"start":{"line":74,"column":4},"end":{"line":74,"column":23}},"29":{"start":{"line":75,"column":4},"end":{"line":75,"column":17}},"30":{"start":{"line":76,"column":4},"end":{"line":76,"column":21}},"31":{"start":{"line":78,"column":4},"end":{"line":95,"column":5}},"32":{"start":{"line":79,"column":6},"end":{"line":87,"column":7}},"33":{"start":{"line":80,"column":8},"end":{"line":82,"column":11}},"34":{"start":{"line":84,"column":8},"end":{"line":86,"column":11}},"35":{"start":{"line":88,"column":6},"end":{"line":88,"column":15}},"36":{"start":{"line":89,"column":6},"end":{"line":89,"column":133}},"37":{"start":{"line":91,"column":23},"end":{"line":91,"column":71}},"38":{"start":{"line":92,"column":6},"end":{"line":92,"column":25}},"39":{"start":{"line":94,"column":6},"end":{"line":94,"column":24}},"40":{"start":{"line":98,"column":2},"end":{"line":254,"column":4}},"41":{"start":{"line":181,"column":12},"end":{"line":183,"column":21}},"42":{"start":{"line":220,"column":27},"end":{"line":220,"column":57}},"43":{"start":{"line":233,"column":12},"end":{"line":233,"column":50}},"44":{"start":{"line":235,"column":30},"end":{"line":247,"column":13}},"45":{"start":{"line":236,"column":14},"end":{"line":246,"column":15}},"46":{"start":{"line":237,"column":33},"end":{"line":239,"column":18}},"47":{"start":{"line":240,"column":29},"end":{"line":240,"column":50}},"48":{"start":{"line":241,"column":16},"end":{"line":243,"column":17}},"49":{"start":{"line":242,"column":18},"end":{"line":242,"column":50}},"50":{"start":{"line":245,"column":16},"end":{"line":245,"column":67}},"51":{"start":{"line":248,"column":12},"end":{"line":248,"column":24}},"52":{"start":{"line":250,"column":25},"end":{"line":250,"column":47}}},"fnMap":{"0":{"name":"UserForm","decl":{"start":{"line":7,"column":9},"end":{"line":7,"column":17}},"loc":{"start":{"line":7,"column":46},"end":{"line":255,"column":1}},"line":7},"1":{"name":"(anonymous_1)","decl":{"start":{"line":27,"column":12},"end":{"line":27,"column":13}},"loc":{"start":{"line":27,"column":18},"end":{"line":41,"column":3}},"line":27},"2":{"name":"(anonymous_2)","decl":{"start":{"line":29,"column":23},"end":{"line":29,"column":24}},"loc":{"start":{"line":29,"column":35},"end":{"line":39,"column":5}},"line":29},"3":{"name":"(anonymous_3)","decl":{"start":{"line":43,"column":12},"end":{"line":43,"column":13}},"loc":{"start":{"line":43,"column":18},"end":{"line":63,"column":3}},"line":43},"4":{"name":"(anonymous_4)","decl":{"start":{"line":65,"column":23},"end":{"line":65,"column":24}},"loc":{"start":{"line":65,"column":30},"end":{"line":71,"column":3}},"line":65},"5":{"name":"(anonymous_5)","decl":{"start":{"line":67,"column":16},"end":{"line":67,"column":17}},"loc":{"start":{"line":67,"column":27},"end":{"line":70,"column":5}},"line":67},"6":{"name":"(anonymous_6)","decl":{"start":{"line":73,"column":23},"end":{"line":73,"column":24}},"loc":{"start":{"line":73,"column":36},"end":{"line":96,"column":3}},"line":73},"7":{"name":"(anonymous_7)","decl":{"start":{"line":180,"column":21},"end":{"line":180,"column":22}},"loc":{"start":{"line":181,"column":12},"end":{"line":183,"column":21}},"line":181},"8":{"name":"(anonymous_8)","decl":{"start":{"line":220,"column":21},"end":{"line":220,"column":22}},"loc":{"start":{"line":220,"column":27},"end":{"line":220,"column":57}},"line":220},"9":{"name":"(anonymous_9)","decl":{"start":{"line":232,"column":18},"end":{"line":232,"column":19}},"loc":{"start":{"line":232,"column":24},"end":{"line":249,"column":11}},"line":232},"10":{"name":"(anonymous_10)","decl":{"start":{"line":235,"column":30},"end":{"line":235,"column":31}},"loc":{"start":{"line":235,"column":42},"end":{"line":247,"column":13}},"line":235},"11":{"name":"(anonymous_11)","decl":{"start":{"line":250,"column":19},"end":{"line":250,"column":20}},"loc":{"start":{"line":250,"column":25},"end":{"line":250,"column":47}},"line":250}},"branchMap":{"0":{"loc":{"start":{"line":33,"column":8},"end":{"line":35,"column":9}},"type":"if","locations":[{"start":{"line":33,"column":8},"end":{"line":35,"column":9}},{"start":{},"end":{}}],"line":33},"1":{"loc":{"start":{"line":34,"column":19},"end":{"line":34,"column":34}},"type":"binary-expr","locations":[{"start":{"line":34,"column":19},"end":{"line":34,"column":28}},{"start":{"line":34,"column":32},"end":{"line":34,"column":34}}],"line":34},"2":{"loc":{"start":{"line":44,"column":4},"end":{"line":62,"column":5}},"type":"if","locations":[{"start":{"line":44,"column":4},"end":{"line":62,"column":5}},{"start":{"line":60,"column":11},"end":{"line":62,"column":5}}],"line":44},"3":{"loc":{"start":{"line":46,"column":14},"end":{"line":46,"column":29}},"type":"binary-expr","locations":[{"start":{"line":46,"column":14},"end":{"line":46,"column":23}},{"start":{"line":46,"column":27},"end":{"line":46,"column":29}}],"line":46},"4":{"loc":{"start":{"line":47,"column":15},"end":{"line":47,"column":31}},"type":"binary-expr","locations":[{"start":{"line":47,"column":15},"end":{"line":47,"column":25}},{"start":{"line":47,"column":29},"end":{"line":47,"column":31}}],"line":47},"5":{"loc":{"start":{"line":48,"column":17},"end":{"line":48,"column":35}},"type":"binary-expr","locations":[{"start":{"line":48,"column":17},"end":{"line":48,"column":29}},{"start":{"line":48,"column":33},"end":{"line":48,"column":35}}],"line":48},"6":{"loc":{"start":{"line":49,"column":18},"end":{"line":49,"column":37}},"type":"binary-expr","locations":[{"start":{"line":49,"column":18},"end":{"line":49,"column":31}},{"start":{"line":49,"column":35},"end":{"line":49,"column":37}}],"line":49},"7":{"loc":{"start":{"line":50,"column":14},"end":{"line":50,"column":29}},"type":"binary-expr","locations":[{"start":{"line":50,"column":14},"end":{"line":50,"column":23}},{"start":{"line":50,"column":27},"end":{"line":50,"column":29}}],"line":50},"8":{"loc":{"start":{"line":51,"column":15},"end":{"line":51,"column":31}},"type":"binary-expr","locations":[{"start":{"line":51,"column":15},"end":{"line":51,"column":25}},{"start":{"line":51,"column":29},"end":{"line":51,"column":31}}],"line":51},"9":{"loc":{"start":{"line":52,"column":17},"end":{"line":52,"column":35}},"type":"binary-expr","locations":[{"start":{"line":52,"column":17},"end":{"line":52,"column":29}},{"start":{"line":52,"column":33},"end":{"line":52,"column":35}}],"line":52},"10":{"loc":{"start":{"line":53,"column":16},"end":{"line":53,"column":33}},"type":"binary-expr","locations":[{"start":{"line":53,"column":16},"end":{"line":53,"column":27}},{"start":{"line":53,"column":31},"end":{"line":53,"column":33}}],"line":53},"11":{"loc":{"start":{"line":54,"column":21},"end":{"line":54,"column":43}},"type":"binary-expr","locations":[{"start":{"line":54,"column":21},"end":{"line":54,"column":37}},{"start":{"line":54,"column":41},"end":{"line":54,"column":43}}],"line":54},"12":{"loc":{"start":{"line":57,"column":6},"end":{"line":59,"column":7}},"type":"if","locations":[{"start":{"line":57,"column":6},"end":{"line":59,"column":7}},{"start":{},"end":{}}],"line":57},"13":{"loc":{"start":{"line":79,"column":6},"end":{"line":87,"column":7}},"type":"if","locations":[{"start":{"line":79,"column":6},"end":{"line":87,"column":7}},{"start":{"line":83,"column":13},"end":{"line":87,"column":7}}],"line":79},"14":{"loc":{"start":{"line":91,"column":23},"end":{"line":91,"column":71}},"type":"binary-expr","locations":[{"start":{"line":91,"column":23},"end":{"line":91,"column":48}},{"start":{"line":91,"column":52},"end":{"line":91,"column":71}}],"line":91},"15":{"loc":{"start":{"line":100,"column":11},"end":{"line":100,"column":46}},"type":"cond-expr","locations":[{"start":{"line":100,"column":18},"end":{"line":100,"column":29}},{"start":{"line":100,"column":32},"end":{"line":100,"column":46}}],"line":100},"16":{"loc":{"start":{"line":101,"column":7},"end":{"line":101,"column":60}},"type":"binary-expr","locations":[{"start":{"line":101,"column":7},"end":{"line":101,"column":12}},{"start":{"line":101,"column":16},"end":{"line":101,"column":60}}],"line":101},"17":{"loc":{"start":{"line":212,"column":11},"end":{"line":212,"column":41}},"type":"cond-expr","locations":[{"start":{"line":212,"column":21},"end":{"line":212,"column":32}},{"start":{"line":212,"column":35},"end":{"line":212,"column":41}}],"line":212},"18":{"loc":{"start":{"line":217,"column":9},"end":{"line":225,"column":9}},"type":"binary-expr","locations":[{"start":{"line":217,"column":9},"end":{"line":217,"column":13}},{"start":{"line":218,"column":10},"end":{"line":224,"column":19}}],"line":217},"19":{"loc":{"start":{"line":223,"column":13},"end":{"line":223,"column":57}},"type":"cond-expr","locations":[{"start":{"line":223,"column":28},"end":{"line":223,"column":40}},{"start":{"line":223,"column":43},"end":{"line":223,"column":57}}],"line":223},"20":{"loc":{"start":{"line":228,"column":7},"end":{"line":252,"column":7}},"type":"binary-expr","locations":[{"start":{"line":228,"column":7},"end":{"line":228,"column":11}},{"start":{"line":228,"column":15},"end":{"line":228,"column":27}},{"start":{"line":229,"column":8},"end":{"line":251,"column":10}}],"line":228},"21":{"loc":{"start":{"line":241,"column":16},"end":{"line":243,"column":17}},"type":"if","locations":[{"start":{"line":241,"column":16},"end":{"line":243,"column":17}},{"start":{},"end":{}}],"line":241},"22":{"loc":{"start":{"line":241,"column":20},"end":{"line":241,"column":57}},"type":"binary-expr","locations":[{"start":{"line":241,"column":20},"end":{"line":241,"column":32}},{"start":{"line":241,"column":36},"end":{"line":241,"column":57}}],"line":241}},"s":{"0":0,"1":0,"2":0,"3":0,"4":0,"5":0,"6":0,"7":0,"8":0,"9":0,"10":0,"11":0,"12":0,"13":0,"14":0,"15":0,"16":0,"17":0,"18":0,"19":0,"20":0,"21":0,"22":0,"23":0,"24":0,"25":0,"26":0,"27":0,"28":0,"29":0,"30":0,"31":0,"32":0,"33":0,"34":0,"35":0,"36":0,"37":0,"38":0,"39":0,"40":0,"41":0,"42":0,"43":0,"44":0,"45":0,"46":0,"47":0,"48":0,"49":0,"50":0,"51":0,"52":0},"f":{"0":0,"1":0,"2":0,"3":0,"4":0,"5":0,"6":0,"7":0,"8":0,"9":0,"10":0,"11":0},"b":{"0":[0,0],"1":[0,0],"2":[0,0],"3":[0,0],"4":[0,0],"5":[0,0],"6":[0,0],"7":[0,0],"8":[0,0],"9":[0,0],"10":[0,0],"11":[0,0],"12":[0,0],"13":[0,0],"14":[0,0],"15":[0,0],"16":[0,0],"17":[0,0],"18":[0,0],"19":[0,0],"20":[0,0,0],"21":[0,0],"22":[0,0]}}
,"/Users/pfk/Projects/wandyhwarang/frontend/src/components/UserList.js": {"path":"/Users/pfk/Projects/wandyhwarang/frontend/src/components/UserList.js","statementMap":{"0":{"start":{"line":7,"column":20},"end":{"line":7,"column":29}},"1":{"start":{"line":8,"column":28},"end":{"line":8,"column":40}},"2":{"start":{"line":9,"column":32},"end":{"line":9,"column":47}},"3":{"start":{"line":10,"column":28},"end":{"line":10,"column":40}},"4":{"start":{"line":12,"column":2},"end":{"line":14,"column":23}},"5":{"start":{"line":13,"column":4},"end":{"line":13,"column":17}},"6":{"start":{"line":16,"column":21},"end":{"line":27,"column":3}},"7":{"start":{"line":17,"column":4},"end":{"line":17,"column":21}},"8":{"start":{"line":18,"column":4},"end":{"line":18,"column":17}},"9":{"start":{"line":19,"column":4},"end":{"line":26,"column":5}},"10":{"start":{"line":20,"column":23},"end":{"line":20,"column":45}},"11":{"start":{"line":21,"column":6},"end":{"line":21,"column":41}},"12":{"start":{"line":23,"column":6},"end":{"line":23,"column":69}},"13":{"start":{"line":25,"column":6},"end":{"line":25,"column":24}},"14":{"start":{"line":29,"column":23},"end":{"line":40,"column":3}},"15":{"start":{"line":30,"column":4},"end":{"line":39,"column":5}},"16":{"start":{"line":31,"column":6},"end":{"line":38,"column":7}},"17":{"start":{"line":32,"column":8},"end":{"line":34,"column":11}},"18":{"start":{"line":35,"column":8},"end":{"line":35,"column":21}},"19":{"start":{"line":37,"column":8},"end":{"line":37,"column":71}},"20":{"start":{"line":42,"column":2},"end":{"line":42,"column":70}},"21":{"start":{"line":42,"column":15},"end":{"line":42,"column":70}},"22":{"start":{"line":43,"column":2},"end":{"line":43,"column":65}},"23":{"start":{"line":43,"column":13},"end":{"line":43,"column":65}},"24":{"start":{"line":45,"column":2},"end":{"line":102,"column":4}},"25":{"start":{"line":70,"column":14},"end":{"line":96,"column":19}},"26":{"start":{"line":85,"column":35},"end":{"line":85,"column":47}},"27":{"start":{"line":91,"column":35},"end":{"line":91,"column":56}}},"fnMap":{"0":{"name":"UserList","decl":{"start":{"line":6,"column":9},"end":{"line":6,"column":17}},"loc":{"start":{"line":6,"column":46},"end":{"line":103,"column":1}},"line":6},"1":{"name":"(anonymous_1)","decl":{"start":{"line":12,"column":12},"end":{"line":12,"column":13}},"loc":{"start":{"line":12,"column":18},"end":{"line":14,"column":3}},"line":12},"2":{"name":"(anonymous_2)","decl":{"start":{"line":16,"column":21},"end":{"line":16,"column":22}},"loc":{"start":{"line":16,"column":33},"end":{"line":27,"column":3}},"line":16},"3":{"name":"(anonymous_3)","decl":{"start":{"line":29,"column":23},"end":{"line":29,"column":24}},"loc":{"start":{"line":29,"column":37},"end":{"line":40,"column":3}},"line":29},"4":{"name":"(anonymous_4)","decl":{"start":{"line":69,"column":23},"end":{"line":69,"column":24}},"loc":{"start":{"line":70,"column":14},"end":{"line":96,"column":19}},"line":70},"5":{"name":"(anonymous_5)","decl":{"start":{"line":85,"column":29},"end":{"line":85,"column":30}},"loc":{"start":{"line":85,"column":35},"end":{"line":85,"column":47}},"line":85},"6":{"name":"(anonymous_6)","decl":{"start":{"line":91,"column":29},"end":{"line":91,"column":30}},"loc":{"start":{"line":91,"column":35},"end":{"line":91,"column":56}},"line":91}},"branchMap":{"0":{"loc":{"start":{"line":21,"column":15},"end":{"line":21,"column":39}},"type":"binary-expr","locations":[{"start":{"line":21,"column":15},"end":{"line":21,"column":33}},{"start":{"line":21,"column":37},"end":{"line":21,"column":39}}],"line":21},"1":{"loc":{"start":{"line":23,"column":15},"end":{"line":23,"column":67}},"type":"binary-expr","locations":[{"start":{"line":23,"column":15},"end":{"line":23,"column":40}},{"start":{"line":23,"column":44},"end":{"line":23,"column":67}}],"line":23},"2":{"loc":{"start":{"line":30,"column":4},"end":{"line":39,"column":5}},"type":"if","locations":[{"start":{"line":30,"column":4},"end":{"line":39,"column":5}},{"start":{},"end":{}}],"line":30},"3":{"loc":{"start":{"line":37,"column":17},"end":{"line":37,"column":69}},"type":"binary-expr","locations":[{"start":{"line":37,"column":17},"end":{"line":37,"column":42}},{"start":{"line":37,"column":46},"end":{"line":37,"column":69}}],"line":37},"4":{"loc":{"start":{"line":42,"column":2},"end":{"line":42,"column":70}},"type":"if","locations":[{"start":{"line":42,"column":2},"end":{"line":42,"column":70}},{"start":{},"end":{}}],"line":42},"5":{"loc":{"start":{"line":43,"column":2},"end":{"line":43,"column":65}},"type":"if","locations":[{"start":{"line":43,"column":2},"end":{"line":43,"column":65}},{"start":{},"end":{}}],"line":43},"6":{"loc":{"start":{"line":48,"column":7},"end":{"line":100,"column":7}},"type":"cond-expr","locations":[{"start":{"line":49,"column":8},"end":{"line":49,"column":75}},{"start":{"line":51,"column":8},"end":{"line":99,"column":16}}],"line":48},"7":{"loc":{"start":{"line":74,"column":21},"end":{"line":74,"column":38}},"type":"binary-expr","locations":[{"start":{"line":74,"column":21},"end":{"line":74,"column":31}},{"start":{"line":74,"column":35},"end":{"line":74,"column":38}}],"line":74},"8":{"loc":{"start":{"line":75,"column":21},"end":{"line":75,"column":40}},"type":"binary-expr","locations":[{"start":{"line":75,"column":21},"end":{"line":75,"column":33}},{"start":{"line":75,"column":37},"end":{"line":75,"column":40}}],"line":75},"9":{"loc":{"start":{"line":76,"column":21},"end":{"line":76,"column":41}},"type":"binary-expr","locations":[{"start":{"line":76,"column":21},"end":{"line":76,"column":34}},{"start":{"line":76,"column":38},"end":{"line":76,"column":41}}],"line":76},"10":{"loc":{"start":{"line":77,"column":21},"end":{"line":77,"column":37}},"type":"binary-expr","locations":[{"start":{"line":77,"column":21},"end":{"line":77,"column":30}},{"start":{"line":77,"column":34},"end":{"line":77,"column":37}}],"line":77},"11":{"loc":{"start":{"line":78,"column":21},"end":{"line":78,"column":42}},"type":"binary-expr","locations":[{"start":{"line":78,"column":21},"end":{"line":78,"column":35}},{"start":{"line":78,"column":39},"end":{"line":78,"column":42}}],"line":78},"12":{"loc":{"start":{"line":79,"column":21},"end":{"line":79,"column":39}},"type":"binary-expr","locations":[{"start":{"line":79,"column":21},"end":{"line":79,"column":32}},{"start":{"line":79,"column":36},"end":{"line":79,"column":39}}],"line":79},"13":{"loc":{"start":{"line":80,"column":21},"end":{"line":80,"column":44}},"type":"binary-expr","locations":[{"start":{"line":80,"column":21},"end":{"line":80,"column":37}},{"start":{"line":80,"column":41},"end":{"line":80,"column":44}}],"line":80}},"s":{"0":0,"1":0,"2":0,"3":0,"4":0,"5":0,"6":0,"7":0,"8":0,"9":0,"10":0,"11":0,"12":0,"13":0,"14":0,"15":0,"16":0,"17":0,"18":0,"19":0,"20":0,"21":0,"22":0,"23":0,"24":0,"25":0,"26":0,"27":0},"f":{"0":0,"1":0,"2":0,"3":0,"4":0,"5":0,"6":0},"b":{"0":[0,0],"1":[0,0],"2":[0,0],"3":[0,0],"4":[0,0],"5":[0,0],"6":[0,0],"7":[0,0],"8":[0,0],"9":[0,0],"10":[0,0],"11":[0,0],"12":[0,0],"13":[0,0]}}
,"/Users/pfk/Projects/wandyhwarang/frontend/src/constants/belts.js": {"path":"/Users/pfk/Projects/wandyhwarang/frontend/src/constants/belts.js","statementMap":{"0":{"start":{"line":1,"column":27},"end":{"line":21,"column":1}}},"fnMap":{},"branchMap":{},"s":{"0":0},"f":{},"b":{}}
,"/Users/pfk/Projects/wandyhwarang/frontend/src/context/AuthContext.js": {"path":"/Users/pfk/Projects/wandyhwarang/frontend/src/context/AuthContext.js","statementMap":{"0":{"start":{"line":4,"column":20},"end":{"line":4,"column":35}},"1":{"start":{"line":7,"column":28},"end":{"line":7,"column":42}},"2":{"start":{"line":8,"column":28},"end":{"line":8,"column":71}},"3":{"start":{"line":9,"column":32},"end":{"line":9,"column":46}},"4":{"start":{"line":10,"column":28},"end":{"line":10,"column":42}},"5":{"start":{"line":13,"column":2},"end":{"line":19,"column":9}},"6":{"start":{"line":14,"column":4},"end":{"line":18,"column":5}},"7":{"start":{"line":15,"column":6},"end":{"line":15,"column":20}},"8":{"start":{"line":17,"column":6},"end":{"line":17,"column":24}},"9":{"start":{"line":21,"column":22},"end":{"line":38,"column":13}},"10":{"start":{"line":22,"column":4},"end":{"line":37,"column":5}},"11":{"start":{"line":23,"column":23},"end":{"line":27,"column":8}},"12":{"start":{"line":28,"column":6},"end":{"line":28,"column":36}},"13":{"start":{"line":29,"column":6},"end":{"line":29,"column":21}},"14":{"start":{"line":31,"column":6},"end":{"line":31,"column":21}},"15":{"start":{"line":32,"column":6},"end":{"line":32,"column":21}},"16":{"start":{"line":33,"column":6},"end":{"line":33,"column":43}},"17":{"start":{"line":34,"column":6},"end":{"line":34,"column":44}},"18":{"start":{"line":36,"column":6},"end":{"line":36,"column":24}},"19":{"start":{"line":40,"column":16},"end":{"line":67,"column":8}},"20":{"start":{"line":41,"column":4},"end":{"line":41,"column":21}},"21":{"start":{"line":42,"column":4},"end":{"line":42,"column":19}},"22":{"start":{"line":43,"column":4},"end":{"line":66,"column":5}},"23":{"start":{"line":44,"column":23},"end":{"line":47,"column":8}},"24":{"start":{"line":49,"column":6},"end":{"line":59,"column":7}},"25":{"start":{"line":50,"column":25},"end":{"line":50,"column":44}},"26":{"start":{"line":51,"column":8},"end":{"line":51,"column":27}},"27":{"start":{"line":52,"column":8},"end":{"line":52,"column":37}},"28":{"start":{"line":53,"column":8},"end":{"line":53,"column":52}},"29":{"start":{"line":54,"column":8},"end":{"line":54,"column":33}},"30":{"start":{"line":56,"column":25},"end":{"line":56,"column":62}},"31":{"start":{"line":57,"column":8},"end":{"line":57,"column":27}},"32":{"start":{"line":58,"column":8},"end":{"line":58,"column":51}},"33":{"start":{"line":61,"column":23},"end":{"line":61,"column":66}},"34":{"start":{"line":62,"column":6},"end":{"line":62,"column":25}},"35":{"start":{"line":63,"column":6},"end":{"line":63,"column":49}},"36":{"start":{"line":65,"column":6},"end":{"line":65,"column":24}},"37":{"start":{"line":69,"column":17},"end":{"line":74,"column":8}},"38":{"start":{"line":70,"column":4},"end":{"line":70,"column":19}},"39":{"start":{"line":71,"column":4},"end":{"line":71,"column":19}},"40":{"start":{"line":72,"column":4},"end":{"line":72,"column":41}},"41":{"start":{"line":73,"column":4},"end":{"line":73,"column":19}},"42":{"start":{"line":76,"column":19},"end":{"line":101,"column":8}},"43":{"start":{"line":77,"column":4},"end":{"line":77,"column":21}},"44":{"start":{"line":78,"column":4},"end":{"line":78,"column":19}},"45":{"start":{"line":79,"column":4},"end":{"line":100,"column":5}},"46":{"start":{"line":80,"column":23},"end":{"line":84,"column":8}},"47":{"start":{"line":86,"column":6},"end":{"line":93,"column":7}},"48":{"start":{"line":87,"column":8},"end":{"line":87,"column":23}},"49":{"start":{"line":88,"column":8},"end":{"line":88,"column":33}},"50":{"start":{"line":90,"column":25},"end":{"line":90,"column":69}},"51":{"start":{"line":91,"column":8},"end":{"line":91,"column":27}},"52":{"start":{"line":92,"column":8},"end":{"line":92,"column":51}},"53":{"start":{"line":95,"column":23},"end":{"line":95,"column":73}},"54":{"start":{"line":96,"column":6},"end":{"line":96,"column":25}},"55":{"start":{"line":97,"column":6},"end":{"line":97,"column":49}},"56":{"start":{"line":99,"column":6},"end":{"line":99,"column":24}},"57":{"start":{"line":103,"column":16},"end":{"line":112,"column":3}},"58":{"start":{"line":114,"column":2},"end":{"line":114,"column":79}},"59":{"start":{"line":118,"column":18},"end":{"line":118,"column":41}},"60":{"start":{"line":119,"column":2},"end":{"line":121,"column":3}},"61":{"start":{"line":120,"column":4},"end":{"line":120,"column":64}},"62":{"start":{"line":122,"column":2},"end":{"line":122,"column":17}}},"fnMap":{"0":{"name":"AuthProvider","decl":{"start":{"line":6,"column":16},"end":{"line":6,"column":28}},"loc":{"start":{"line":6,"column":43},"end":{"line":115,"column":1}},"line":6},"1":{"name":"(anonymous_1)","decl":{"start":{"line":13,"column":12},"end":{"line":13,"column":13}},"loc":{"start":{"line":13,"column":18},"end":{"line":19,"column":3}},"line":13},"2":{"name":"(anonymous_2)","decl":{"start":{"line":21,"column":34},"end":{"line":21,"column":35}},"loc":{"start":{"line":21,"column":46},"end":{"line":38,"column":3}},"line":21},"3":{"name":"(anonymous_3)","decl":{"start":{"line":40,"column":28},"end":{"line":40,"column":29}},"loc":{"start":{"line":40,"column":55},"end":{"line":67,"column":3}},"line":40},"4":{"name":"(anonymous_4)","decl":{"start":{"line":69,"column":29},"end":{"line":69,"column":30}},"loc":{"start":{"line":69,"column":35},"end":{"line":74,"column":3}},"line":69},"5":{"name":"(anonymous_5)","decl":{"start":{"line":76,"column":31},"end":{"line":76,"column":32}},"loc":{"start":{"line":76,"column":64},"end":{"line":101,"column":3}},"line":76},"6":{"name":"useAuth","decl":{"start":{"line":117,"column":16},"end":{"line":117,"column":23}},"loc":{"start":{"line":117,"column":26},"end":{"line":123,"column":1}},"line":117}},"branchMap":{"0":{"loc":{"start":{"line":14,"column":4},"end":{"line":18,"column":5}},"type":"if","locations":[{"start":{"line":14,"column":4},"end":{"line":18,"column":5}},{"start":{"line":16,"column":11},"end":{"line":18,"column":5}}],"line":14},"1":{"loc":{"start":{"line":49,"column":6},"end":{"line":59,"column":7}},"type":"if","locations":[{"start":{"line":49,"column":6},"end":{"line":59,"column":7}},{"start":{"line":55,"column":13},"end":{"line":59,"column":7}}],"line":49},"2":{"loc":{"start":{"line":56,"column":25},"end":{"line":56,"column":62}},"type":"binary-expr","locations":[{"start":{"line":56,"column":25},"end":{"line":56,"column":44}},{"start":{"line":56,"column":48},"end":{"line":56,"column":62}}],"line":56},"3":{"loc":{"start":{"line":61,"column":23},"end":{"line":61,"column":66}},"type":"binary-expr","locations":[{"start":{"line":61,"column":23},"end":{"line":61,"column":48}},{"start":{"line":61,"column":52},"end":{"line":61,"column":66}}],"line":61},"4":{"loc":{"start":{"line":86,"column":6},"end":{"line":93,"column":7}},"type":"if","locations":[{"start":{"line":86,"column":6},"end":{"line":93,"column":7}},{"start":{"line":89,"column":13},"end":{"line":93,"column":7}}],"line":86},"5":{"loc":{"start":{"line":90,"column":25},"end":{"line":90,"column":69}},"type":"binary-expr","locations":[{"start":{"line":90,"column":25},"end":{"line":90,"column":44}},{"start":{"line":90,"column":48},"end":{"line":90,"column":69}}],"line":90},"6":{"loc":{"start":{"line":95,"column":23},"end":{"line":95,"column":73}},"type":"binary-expr","locations":[{"start":{"line":95,"column":23},"end":{"line":95,"column":48}},{"start":{"line":95,"column":52},"end":{"line":95,"column":73}}],"line":95},"7":{"loc":{"start":{"line":108,"column":21},"end":{"line":108,"column":39}},"type":"binary-expr","locations":[{"start":{"line":108,"column":21},"end":{"line":108,"column":28}},{"start":{"line":108,"column":32},"end":{"line":108,"column":39}}],"line":108},"8":{"loc":{"start":{"line":119,"column":2},"end":{"line":121,"column":3}},"type":"if","locations":[{"start":{"line":119,"column":2},"end":{"line":121,"column":3}},{"start":{},"end":{}}],"line":119}},"s":{"0":0,"1":0,"2":0,"3":0,"4":0,"5":0,"6":0,"7":0,"8":0,"9":0,"10":0,"11":0,"12":0,"13":0,"14":0,"15":0,"16":0,"17":0,"18":0,"19":0,"20":0,"21":0,"22":0,"23":0,"24":0,"25":0,"26":0,"27":0,"28":0,"29":0,"30":0,"31":0,"32":0,"33":0,"34":0,"35":0,"36":0,"37":0,"38":0,"39":0,"40":0,"41":0,"42":0,"43":0,"44":0,"45":0,"46":0,"47":0,"48":0,"49":0,"50":0,"51":0,"52":0,"53":0,"54":0,"55":0,"56":0,"57":0,"58":0,"59":0,"60":0,"61":0,"62":0},"f":{"0":0,"1":0,"2":0,"3":0,"4":0,"5":0,"6":0},"b":{"0":[0,0],"1":[0,0],"2":[0,0],"3":[0,0],"4":[0,0],"5":[0,0],"6":[0,0],"7":[0,0],"8":[0,0]}}
,"/Users/pfk/Projects/wandyhwarang/frontend/src/pages/ConfirmRegistrationPage.js": {"path":"/Users/pfk/Projects/wandyhwarang/frontend/src/pages/ConfirmRegistrationPage.js","statementMap":{"0":{"start":{"line":7,"column":19},"end":{"line":7,"column":32}},"1":{"start":{"line":8,"column":25},"end":{"line":8,"column":42}},"2":{"start":{"line":9,"column":16},"end":{"line":9,"column":41}},"3":{"start":{"line":11,"column":34},"end":{"line":15,"column":4}},"4":{"start":{"line":16,"column":32},"end":{"line":16,"column":47}},"5":{"start":{"line":17,"column":28},"end":{"line":17,"column":40}},"6":{"start":{"line":18,"column":32},"end":{"line":18,"column":47}},"7":{"start":{"line":20,"column":2},"end":{"line":35,"column":3}},"8":{"start":{"line":21,"column":4},"end":{"line":34,"column":6}},"9":{"start":{"line":27,"column":27},"end":{"line":27,"column":48}},"10":{"start":{"line":37,"column":23},"end":{"line":44,"column":3}},"11":{"start":{"line":38,"column":28},"end":{"line":38,"column":36}},"12":{"start":{"line":39,"column":4},"end":{"line":42,"column":8}},"13":{"start":{"line":39,"column":27},"end":{"line":42,"column":5}},"14":{"start":{"line":43,"column":4},"end":{"line":43,"column":17}},"15":{"start":{"line":46,"column":23},"end":{"line":92,"column":3}},"16":{"start":{"line":47,"column":4},"end":{"line":47,"column":23}},"17":{"start":{"line":48,"column":4},"end":{"line":48,"column":17}},"18":{"start":{"line":49,"column":4},"end":{"line":49,"column":22}},"19":{"start":{"line":51,"column":4},"end":{"line":54,"column":5}},"20":{"start":{"line":52,"column":6},"end":{"line":52,"column":42}},"21":{"start":{"line":53,"column":6},"end":{"line":53,"column":13}},"22":{"start":{"line":56,"column":4},"end":{"line":59,"column":5}},"23":{"start":{"line":57,"column":6},"end":{"line":57,"column":58}},"24":{"start":{"line":58,"column":6},"end":{"line":58,"column":13}},"25":{"start":{"line":61,"column":4},"end":{"line":64,"column":5}},"26":{"start":{"line":62,"column":6},"end":{"line":62,"column":62}},"27":{"start":{"line":63,"column":6},"end":{"line":63,"column":13}},"28":{"start":{"line":66,"column":4},"end":{"line":69,"column":5}},"29":{"start":{"line":67,"column":6},"end":{"line":67,"column":41}},"30":{"start":{"line":68,"column":6},"end":{"line":68,"column":13}},"31":{"start":{"line":71,"column":4},"end":{"line":71,"column":21}},"32":{"start":{"line":72,"column":4},"end":{"line":91,"column":5}},"33":{"start":{"line":73,"column":23},"end":{"line":77,"column":8}},"34":{"start":{"line":79,"column":6},"end":{"line":86,"column":7}},"35":{"start":{"line":80,"column":8},"end":{"line":80,"column":25}},"36":{"start":{"line":81,"column":8},"end":{"line":83,"column":17}},"37":{"start":{"line":82,"column":10},"end":{"line":82,"column":29}},"38":{"start":{"line":85,"column":8},"end":{"line":85,"column":74}},"39":{"start":{"line":88,"column":6},"end":{"line":88,"column":65}},"40":{"start":{"line":90,"column":6},"end":{"line":90,"column":24}},"41":{"start":{"line":94,"column":2},"end":{"line":174,"column":4}},"42":{"start":{"line":166,"column":27},"end":{"line":166,"column":45}}},"fnMap":{"0":{"name":"ConfirmRegistrationPage","decl":{"start":{"line":6,"column":9},"end":{"line":6,"column":32}},"loc":{"start":{"line":6,"column":35},"end":{"line":175,"column":1}},"line":6},"1":{"name":"(anonymous_1)","decl":{"start":{"line":27,"column":21},"end":{"line":27,"column":22}},"loc":{"start":{"line":27,"column":27},"end":{"line":27,"column":48}},"line":27},"2":{"name":"(anonymous_2)","decl":{"start":{"line":37,"column":23},"end":{"line":37,"column":24}},"loc":{"start":{"line":37,"column":30},"end":{"line":44,"column":3}},"line":37},"3":{"name":"(anonymous_3)","decl":{"start":{"line":39,"column":16},"end":{"line":39,"column":17}},"loc":{"start":{"line":39,"column":27},"end":{"line":42,"column":5}},"line":39},"4":{"name":"(anonymous_4)","decl":{"start":{"line":46,"column":23},"end":{"line":46,"column":24}},"loc":{"start":{"line":46,"column":36},"end":{"line":92,"column":3}},"line":46},"5":{"name":"(anonymous_5)","decl":{"start":{"line":81,"column":19},"end":{"line":81,"column":20}},"loc":{"start":{"line":81,"column":25},"end":{"line":83,"column":9}},"line":81},"6":{"name":"(anonymous_6)","decl":{"start":{"line":166,"column":21},"end":{"line":166,"column":22}},"loc":{"start":{"line":166,"column":27},"end":{"line":166,"column":45}},"line":166}},"branchMap":{"0":{"loc":{"start":{"line":20,"column":2},"end":{"line":35,"column":3}},"type":"if","locations":[{"start":{"line":20,"column":2},"end":{"line":35,"column":3}},{"start":{},"end":{}}],"line":20},"1":{"loc":{"start":{"line":51,"column":4},"end":{"line":54,"column":5}},"type":"if","locations":[{"start":{"line":51,"column":4},"end":{"line":54,"column":5}},{"start":{},"end":{}}],"line":51},"2":{"loc":{"start":{"line":51,"column":8},"end":{"line":51,"column":73}},"type":"binary-expr","locations":[{"start":{"line":51,"column":8},"end":{"line":51,"column":22}},{"start":{"line":51,"column":26},"end":{"line":51,"column":44}},{"start":{"line":51,"column":48},"end":{"line":51,"column":73}}],"line":51},"3":{"loc":{"start":{"line":56,"column":4},"end":{"line":59,"column":5}},"type":"if","locations":[{"start":{"line":56,"column":4},"end":{"line":59,"column":5}},{"start":{},"end":{}}],"line":56},"4":{"loc":{"start":{"line":61,"column":4},"end":{"line":64,"column":5}},"type":"if","locations":[{"start":{"line":61,"column":4},"end":{"line":64,"column":5}},{"start":{},"end":{}}],"line":61},"5":{"loc":{"start":{"line":66,"column":4},"end":{"line":69,"column":5}},"type":"if","locations":[{"start":{"line":66,"column":4},"end":{"line":69,"column":5}},{"start":{},"end":{}}],"line":66},"6":{"loc":{"start":{"line":79,"column":6},"end":{"line":86,"column":7}},"type":"if","locations":[{"start":{"line":79,"column":6},"end":{"line":86,"column":7}},{"start":{"line":84,"column":13},"end":{"line":86,"column":7}}],"line":79},"7":{"loc":{"start":{"line":85,"column":17},"end":{"line":85,"column":72}},"type":"binary-expr","locations":[{"start":{"line":85,"column":17},"end":{"line":85,"column":36}},{"start":{"line":85,"column":40},"end":{"line":85,"column":72}}],"line":85},"8":{"loc":{"start":{"line":88,"column":15},"end":{"line":88,"column":63}},"type":"binary-expr","locations":[{"start":{"line":88,"column":15},"end":{"line":88,"column":40}},{"start":{"line":88,"column":44},"end":{"line":88,"column":63}}],"line":88},"9":{"loc":{"start":{"line":100,"column":9},"end":{"line":161,"column":9}},"type":"cond-expr","locations":[{"start":{"line":101,"column":10},"end":{"line":104,"column":16}},{"start":{"line":106,"column":10},"end":{"line":160,"column":17}}],"line":100},"10":{"loc":{"start":{"line":107,"column":13},"end":{"line":107,"column":66}},"type":"binary-expr","locations":[{"start":{"line":107,"column":13},"end":{"line":107,"column":18}},{"start":{"line":107,"column":22},"end":{"line":107,"column":66}}],"line":107},"11":{"loc":{"start":{"line":158,"column":15},"end":{"line":158,"column":65}},"type":"cond-expr","locations":[{"start":{"line":158,"column":25},"end":{"line":158,"column":46}},{"start":{"line":158,"column":49},"end":{"line":158,"column":65}}],"line":158}},"s":{"0":0,"1":0,"2":0,"3":0,"4":0,"5":0,"6":0,"7":0,"8":0,"9":0,"10":0,"11":0,"12":0,"13":0,"14":0,"15":0,"16":0,"17":0,"18":0,"19":0,"20":0,"21":0,"22":0,"23":0,"24":0,"25":0,"26":0,"27":0,"28":0,"29":0,"30":0,"31":0,"32":0,"33":0,"34":0,"35":0,"36":0,"37":0,"38":0,"39":0,"40":0,"41":0,"42":0},"f":{"0":0,"1":0,"2":0,"3":0,"4":0,"5":0,"6":0},"b":{"0":[0,0],"1":[0,0],"2":[0,0,0],"3":[0,0],"4":[0,0],"5":[0,0],"6":[0,0],"7":[0,0],"8":[0,0],"9":[0,0],"10":[0,0],"11":[0,0]}}
,"/Users/pfk/Projects/wandyhwarang/frontend/src/pages/ForgotPasswordPage.js": {"path":"/Users/pfk/Projects/wandyhwarang/frontend/src/pages/ForgotPasswordPage.js","statementMap":{"0":{"start":{"line":7,"column":19},"end":{"line":7,"column":32}},"1":{"start":{"line":8,"column":28},"end":{"line":8,"column":40}},"2":{"start":{"line":9,"column":32},"end":{"line":9,"column":47}},"3":{"start":{"line":10,"column":28},"end":{"line":10,"column":40}},"4":{"start":{"line":11,"column":32},"end":{"line":11,"column":47}},"5":{"start":{"line":13,"column":23},"end":{"line":16,"column":3}},"6":{"start":{"line":14,"column":4},"end":{"line":14,"column":29}},"7":{"start":{"line":15,"column":4},"end":{"line":15,"column":17}},"8":{"start":{"line":18,"column":23},"end":{"line":45,"column":3}},"9":{"start":{"line":19,"column":4},"end":{"line":19,"column":23}},"10":{"start":{"line":20,"column":4},"end":{"line":20,"column":17}},"11":{"start":{"line":21,"column":4},"end":{"line":21,"column":22}},"12":{"start":{"line":23,"column":4},"end":{"line":26,"column":5}},"13":{"start":{"line":24,"column":6},"end":{"line":24,"column":36}},"14":{"start":{"line":25,"column":6},"end":{"line":25,"column":13}},"15":{"start":{"line":28,"column":4},"end":{"line":28,"column":21}},"16":{"start":{"line":29,"column":4},"end":{"line":44,"column":5}},"17":{"start":{"line":30,"column":23},"end":{"line":30,"column":77}},"18":{"start":{"line":31,"column":6},"end":{"line":39,"column":7}},"19":{"start":{"line":32,"column":8},"end":{"line":32,"column":25}},"20":{"start":{"line":33,"column":8},"end":{"line":33,"column":21}},"21":{"start":{"line":34,"column":8},"end":{"line":36,"column":17}},"22":{"start":{"line":35,"column":10},"end":{"line":35,"column":29}},"23":{"start":{"line":38,"column":8},"end":{"line":38,"column":70}},"24":{"start":{"line":41,"column":6},"end":{"line":41,"column":65}},"25":{"start":{"line":43,"column":6},"end":{"line":43,"column":24}},"26":{"start":{"line":47,"column":28},"end":{"line":49,"column":3}},"27":{"start":{"line":48,"column":4},"end":{"line":48,"column":23}},"28":{"start":{"line":51,"column":2},"end":{"line":102,"column":4}}},"fnMap":{"0":{"name":"ForgotPasswordPage","decl":{"start":{"line":6,"column":9},"end":{"line":6,"column":27}},"loc":{"start":{"line":6,"column":30},"end":{"line":103,"column":1}},"line":6},"1":{"name":"(anonymous_1)","decl":{"start":{"line":13,"column":23},"end":{"line":13,"column":24}},"loc":{"start":{"line":13,"column":30},"end":{"line":16,"column":3}},"line":13},"2":{"name":"(anonymous_2)","decl":{"start":{"line":18,"column":23},"end":{"line":18,"column":24}},"loc":{"start":{"line":18,"column":36},"end":{"line":45,"column":3}},"line":18},"3":{"name":"(anonymous_3)","decl":{"start":{"line":34,"column":19},"end":{"line":34,"column":20}},"loc":{"start":{"line":34,"column":25},"end":{"line":36,"column":9}},"line":34},"4":{"name":"(anonymous_4)","decl":{"start":{"line":47,"column":28},"end":{"line":47,"column":29}},"loc":{"start":{"line":47,"column":34},"end":{"line":49,"column":3}},"line":47}},"branchMap":{"0":{"loc":{"start":{"line":23,"column":4},"end":{"line":26,"column":5}},"type":"if","locations":[{"start":{"line":23,"column":4},"end":{"line":26,"column":5}},{"start":{},"end":{}}],"line":23},"1":{"loc":{"start":{"line":31,"column":6},"end":{"line":39,"column":7}},"type":"if","locations":[{"start":{"line":31,"column":6},"end":{"line":39,"column":7}},{"start":{"line":37,"column":13},"end":{"line":39,"column":7}}],"line":31},"2":{"loc":{"start":{"line":38,"column":17},"end":{"line":38,"column":68}},"type":"binary-expr","locations":[{"start":{"line":38,"column":17},"end":{"line":38,"column":36}},{"start":{"line":38,"column":40},"end":{"line":38,"column":68}}],"line":38},"3":{"loc":{"start":{"line":41,"column":15},"end":{"line":41,"column":63}},"type":"binary-expr","locations":[{"start":{"line":41,"column":15},"end":{"line":41,"column":40}},{"start":{"line":41,"column":44},"end":{"line":41,"column":63}}],"line":41},"4":{"loc":{"start":{"line":57,"column":9},"end":{"line":89,"column":9}},"type":"cond-expr","locations":[{"start":{"line":58,"column":10},"end":{"line":62,"column":16}},{"start":{"line":64,"column":10},"end":{"line":88,"column":17}}],"line":57},"5":{"loc":{"start":{"line":65,"column":13},"end":{"line":65,"column":66}},"type":"binary-expr","locations":[{"start":{"line":65,"column":13},"end":{"line":65,"column":18}},{"start":{"line":65,"column":22},"end":{"line":65,"column":66}}],"line":65},"6":{"loc":{"start":{"line":86,"column":15},"end":{"line":86,"column":57}},"type":"cond-expr","locations":[{"start":{"line":86,"column":25},"end":{"line":86,"column":37}},{"start":{"line":86,"column":40},"end":{"line":86,"column":57}}],"line":86}},"s":{"0":0,"1":0,"2":0,"3":0,"4":0,"5":0,"6":0,"7":0,"8":0,"9":0,"10":0,"11":0,"12":0,"13":0,"14":0,"15":0,"16":0,"17":0,"18":0,"19":0,"20":0,"21":0,"22":0,"23":0,"24":0,"25":0,"26":0,"27":0,"28":0},"f":{"0":0,"1":0,"2":0,"3":0,"4":0},"b":{"0":[0,0],"1":[0,0],"2":[0,0],"3":[0,0],"4":[0,0],"5":[0,0],"6":[0,0]}}
,"/Users/pfk/Projects/wandyhwarang/frontend/src/pages/LoginPage.js": {"path":"/Users/pfk/Projects/wandyhwarang/frontend/src/pages/LoginPage.js","statementMap":{"0":{"start":{"line":7,"column":19},"end":{"line":7,"column":32}},"1":{"start":{"line":8,"column":36},"end":{"line":8,"column":45}},"2":{"start":{"line":9,"column":34},"end":{"line":12,"column":4}},"3":{"start":{"line":13,"column":38},"end":{"line":13,"column":50}},"4":{"start":{"line":15,"column":23},"end":{"line":22,"column":3}},"5":{"start":{"line":16,"column":28},"end":{"line":16,"column":36}},"6":{"start":{"line":17,"column":4},"end":{"line":20,"column":8}},"7":{"start":{"line":17,"column":27},"end":{"line":20,"column":5}},"8":{"start":{"line":21,"column":4},"end":{"line":21,"column":22}},"9":{"start":{"line":24,"column":23},"end":{"line":39,"column":3}},"10":{"start":{"line":25,"column":4},"end":{"line":25,"column":23}},"11":{"start":{"line":26,"column":4},"end":{"line":26,"column":22}},"12":{"start":{"line":28,"column":4},"end":{"line":31,"column":5}},"13":{"start":{"line":29,"column":6},"end":{"line":29,"column":55}},"14":{"start":{"line":30,"column":6},"end":{"line":30,"column":13}},"15":{"start":{"line":33,"column":19},"end":{"line":33,"column":65}},"16":{"start":{"line":34,"column":4},"end":{"line":38,"column":5}},"17":{"start":{"line":35,"column":6},"end":{"line":35,"column":23}},"18":{"start":{"line":37,"column":6},"end":{"line":37,"column":52}},"19":{"start":{"line":41,"column":2},"end":{"line":105,"column":4}},"20":{"start":{"line":85,"column":29},"end":{"line":85,"column":57}},"21":{"start":{"line":97,"column":27},"end":{"line":97,"column":48}}},"fnMap":{"0":{"name":"LoginPage","decl":{"start":{"line":6,"column":9},"end":{"line":6,"column":18}},"loc":{"start":{"line":6,"column":39},"end":{"line":106,"column":1}},"line":6},"1":{"name":"(anonymous_1)","decl":{"start":{"line":15,"column":23},"end":{"line":15,"column":24}},"loc":{"start":{"line":15,"column":30},"end":{"line":22,"column":3}},"line":15},"2":{"name":"(anonymous_2)","decl":{"start":{"line":17,"column":16},"end":{"line":17,"column":17}},"loc":{"start":{"line":17,"column":27},"end":{"line":20,"column":5}},"line":17},"3":{"name":"(anonymous_3)","decl":{"start":{"line":24,"column":23},"end":{"line":24,"column":24}},"loc":{"start":{"line":24,"column":36},"end":{"line":39,"column":3}},"line":24},"4":{"name":"(anonymous_4)","decl":{"start":{"line":85,"column":23},"end":{"line":85,"column":24}},"loc":{"start":{"line":85,"column":29},"end":{"line":85,"column":57}},"line":85},"5":{"name":"(anonymous_5)","decl":{"start":{"line":97,"column":21},"end":{"line":97,"column":22}},"loc":{"start":{"line":97,"column":27},"end":{"line":97,"column":48}},"line":97}},"branchMap":{"0":{"loc":{"start":{"line":28,"column":4},"end":{"line":31,"column":5}},"type":"if","locations":[{"start":{"line":28,"column":4},"end":{"line":31,"column":5}},{"start":{},"end":{}}],"line":28},"1":{"loc":{"start":{"line":28,"column":8},"end":{"line":28,"column":45}},"type":"binary-expr","locations":[{"start":{"line":28,"column":8},"end":{"line":28,"column":23}},{"start":{"line":28,"column":27},"end":{"line":28,"column":45}}],"line":28},"2":{"loc":{"start":{"line":34,"column":4},"end":{"line":38,"column":5}},"type":"if","locations":[{"start":{"line":34,"column":4},"end":{"line":38,"column":5}},{"start":{"line":36,"column":11},"end":{"line":38,"column":5}}],"line":34},"3":{"loc":{"start":{"line":37,"column":20},"end":{"line":37,"column":50}},"type":"binary-expr","locations":[{"start":{"line":37,"column":20},"end":{"line":37,"column":32}},{"start":{"line":37,"column":36},"end":{"line":37,"column":50}}],"line":37},"4":{"loc":{"start":{"line":47,"column":11},"end":{"line":49,"column":11}},"type":"binary-expr","locations":[{"start":{"line":47,"column":12},"end":{"line":47,"column":17}},{"start":{"line":47,"column":21},"end":{"line":47,"column":31}},{"start":{"line":48,"column":12},"end":{"line":48,"column":70}}],"line":47},"5":{"loc":{"start":{"line":48,"column":44},"end":{"line":48,"column":63}},"type":"binary-expr","locations":[{"start":{"line":48,"column":44},"end":{"line":48,"column":49}},{"start":{"line":48,"column":53},"end":{"line":48,"column":63}}],"line":48},"6":{"loc":{"start":{"line":79,"column":13},"end":{"line":79,"column":48}},"type":"cond-expr","locations":[{"start":{"line":79,"column":23},"end":{"line":79,"column":38}},{"start":{"line":79,"column":41},"end":{"line":79,"column":48}}],"line":79}},"s":{"0":0,"1":0,"2":0,"3":0,"4":0,"5":0,"6":0,"7":0,"8":0,"9":0,"10":0,"11":0,"12":0,"13":0,"14":0,"15":0,"16":0,"17":0,"18":0,"19":0,"20":0,"21":0},"f":{"0":0,"1":0,"2":0,"3":0,"4":0,"5":0},"b":{"0":[0,0],"1":[0,0],"2":[0,0],"3":[0,0],"4":[0,0,0],"5":[0,0],"6":[0,0]}}
,"/Users/pfk/Projects/wandyhwarang/frontend/src/pages/RegisterPage.js": {"path":"/Users/pfk/Projects/wandyhwarang/frontend/src/pages/RegisterPage.js","statementMap":{"0":{"start":{"line":7,"column":19},"end":{"line":7,"column":32}},"1":{"start":{"line":8,"column":28},"end":{"line":8,"column":40}},"2":{"start":{"line":9,"column":32},"end":{"line":9,"column":47}},"3":{"start":{"line":10,"column":28},"end":{"line":10,"column":40}},"4":{"start":{"line":11,"column":32},"end":{"line":11,"column":47}},"5":{"start":{"line":13,"column":23},"end":{"line":16,"column":3}},"6":{"start":{"line":14,"column":4},"end":{"line":14,"column":29}},"7":{"start":{"line":15,"column":4},"end":{"line":15,"column":17}},"8":{"start":{"line":18,"column":23},"end":{"line":45,"column":3}},"9":{"start":{"line":19,"column":4},"end":{"line":19,"column":23}},"10":{"start":{"line":20,"column":4},"end":{"line":20,"column":17}},"11":{"start":{"line":21,"column":4},"end":{"line":21,"column":22}},"12":{"start":{"line":23,"column":4},"end":{"line":26,"column":5}},"13":{"start":{"line":24,"column":6},"end":{"line":24,"column":36}},"14":{"start":{"line":25,"column":6},"end":{"line":25,"column":13}},"15":{"start":{"line":28,"column":4},"end":{"line":28,"column":21}},"16":{"start":{"line":29,"column":4},"end":{"line":44,"column":5}},"17":{"start":{"line":30,"column":23},"end":{"line":30,"column":70}},"18":{"start":{"line":31,"column":6},"end":{"line":39,"column":7}},"19":{"start":{"line":32,"column":8},"end":{"line":32,"column":25}},"20":{"start":{"line":33,"column":8},"end":{"line":33,"column":21}},"21":{"start":{"line":34,"column":8},"end":{"line":36,"column":17}},"22":{"start":{"line":35,"column":10},"end":{"line":35,"column":29}},"23":{"start":{"line":38,"column":8},"end":{"line":38,"column":62}},"24":{"start":{"line":41,"column":6},"end":{"line":41,"column":65}},"25":{"start":{"line":43,"column":6},"end":{"line":43,"column":24}},"26":{"start":{"line":47,"column":28},"end":{"line":49,"column":3}},"27":{"start":{"line":48,"column":4},"end":{"line":48,"column":23}},"28":{"start":{"line":51,"column":2},"end":{"line":103,"column":4}}},"fnMap":{"0":{"name":"RegisterPage","decl":{"start":{"line":6,"column":9},"end":{"line":6,"column":21}},"loc":{"start":{"line":6,"column":24},"end":{"line":104,"column":1}},"line":6},"1":{"name":"(anonymous_1)","decl":{"start":{"line":13,"column":23},"end":{"line":13,"column":24}},"loc":{"start":{"line":13,"column":30},"end":{"line":16,"column":3}},"line":13},"2":{"name":"(anonymous_2)","decl":{"start":{"line":18,"column":23},"end":{"line":18,"column":24}},"loc":{"start":{"line":18,"column":36},"end":{"line":45,"column":3}},"line":18},"3":{"name":"(anonymous_3)","decl":{"start":{"line":34,"column":19},"end":{"line":34,"column":20}},"loc":{"start":{"line":34,"column":25},"end":{"line":36,"column":9}},"line":34},"4":{"name":"(anonymous_4)","decl":{"start":{"line":47,"column":28},"end":{"line":47,"column":29}},"loc":{"start":{"line":47,"column":34},"end":{"line":49,"column":3}},"line":47}},"branchMap":{"0":{"loc":{"start":{"line":23,"column":4},"end":{"line":26,"column":5}},"type":"if","locations":[{"start":{"line":23,"column":4},"end":{"line":26,"column":5}},{"start":{},"end":{}}],"line":23},"1":{"loc":{"start":{"line":31,"column":6},"end":{"line":39,"column":7}},"type":"if","locations":[{"start":{"line":31,"column":6},"end":{"line":39,"column":7}},{"start":{"line":37,"column":13},"end":{"line":39,"column":7}}],"line":31},"2":{"loc":{"start":{"line":38,"column":17},"end":{"line":38,"column":60}},"type":"binary-expr","locations":[{"start":{"line":38,"column":17},"end":{"line":38,"column":36}},{"start":{"line":38,"column":40},"end":{"line":38,"column":60}}],"line":38},"3":{"loc":{"start":{"line":41,"column":15},"end":{"line":41,"column":63}},"type":"binary-expr","locations":[{"start":{"line":41,"column":15},"end":{"line":41,"column":40}},{"start":{"line":41,"column":44},"end":{"line":41,"column":63}}],"line":41},"4":{"loc":{"start":{"line":57,"column":9},"end":{"line":89,"column":9}},"type":"cond-expr","locations":[{"start":{"line":58,"column":10},"end":{"line":62,"column":16}},{"start":{"line":64,"column":10},"end":{"line":88,"column":17}}],"line":57},"5":{"loc":{"start":{"line":65,"column":13},"end":{"line":65,"column":66}},"type":"binary-expr","locations":[{"start":{"line":65,"column":13},"end":{"line":65,"column":18}},{"start":{"line":65,"column":22},"end":{"line":65,"column":66}}],"line":65},"6":{"loc":{"start":{"line":86,"column":15},"end":{"line":86,"column":54}},"type":"cond-expr","locations":[{"start":{"line":86,"column":25},"end":{"line":86,"column":41}},{"start":{"line":86,"column":44},"end":{"line":86,"column":54}}],"line":86}},"s":{"0":0,"1":0,"2":0,"3":0,"4":0,"5":0,"6":0,"7":0,"8":0,"9":0,"10":0,"11":0,"12":0,"13":0,"14":0,"15":0,"16":0,"17":0,"18":0,"19":0,"20":0,"21":0,"22":0,"23":0,"24":0,"25":0,"26":0,"27":0,"28":0},"f":{"0":0,"1":0,"2":0,"3":0,"4":0},"b":{"0":[0,0],"1":[0,0],"2":[0,0],"3":[0,0],"4":[0,0],"5":[0,0],"6":[0,0]}}
,"/Users/pfk/Projects/wandyhwarang/frontend/src/pages/ResetPasswordPage.js": {"path":"/Users/pfk/Projects/wandyhwarang/frontend/src/pages/ResetPasswordPage.js","statementMap":{"0":{"start":{"line":7,"column":19},"end":{"line":7,"column":32}},"1":{"start":{"line":8,"column":25},"end":{"line":8,"column":42}},"2":{"start":{"line":9,"column":16},"end":{"line":9,"column":41}},"3":{"start":{"line":11,"column":34},"end":{"line":14,"column":4}},"4":{"start":{"line":15,"column":32},"end":{"line":15,"column":47}},"5":{"start":{"line":16,"column":28},"end":{"line":16,"column":40}},"6":{"start":{"line":17,"column":32},"end":{"line":17,"column":47}},"7":{"start":{"line":19,"column":2},"end":{"line":34,"column":3}},"8":{"start":{"line":20,"column":4},"end":{"line":33,"column":6}},"9":{"start":{"line":26,"column":27},"end":{"line":26,"column":55}},"10":{"start":{"line":36,"column":23},"end":{"line":43,"column":3}},"11":{"start":{"line":37,"column":28},"end":{"line":37,"column":36}},"12":{"start":{"line":38,"column":4},"end":{"line":41,"column":8}},"13":{"start":{"line":38,"column":27},"end":{"line":41,"column":5}},"14":{"start":{"line":42,"column":4},"end":{"line":42,"column":17}},"15":{"start":{"line":45,"column":23},"end":{"line":85,"column":3}},"16":{"start":{"line":46,"column":4},"end":{"line":46,"column":23}},"17":{"start":{"line":47,"column":4},"end":{"line":47,"column":17}},"18":{"start":{"line":48,"column":4},"end":{"line":48,"column":22}},"19":{"start":{"line":50,"column":4},"end":{"line":53,"column":5}},"20":{"start":{"line":51,"column":6},"end":{"line":51,"column":52}},"21":{"start":{"line":52,"column":6},"end":{"line":52,"column":13}},"22":{"start":{"line":55,"column":4},"end":{"line":58,"column":5}},"23":{"start":{"line":56,"column":6},"end":{"line":56,"column":62}},"24":{"start":{"line":57,"column":6},"end":{"line":57,"column":13}},"25":{"start":{"line":60,"column":4},"end":{"line":63,"column":5}},"26":{"start":{"line":61,"column":6},"end":{"line":61,"column":41}},"27":{"start":{"line":62,"column":6},"end":{"line":62,"column":13}},"28":{"start":{"line":65,"column":4},"end":{"line":65,"column":21}},"29":{"start":{"line":66,"column":4},"end":{"line":84,"column":5}},"30":{"start":{"line":67,"column":23},"end":{"line":70,"column":8}},"31":{"start":{"line":72,"column":6},"end":{"line":79,"column":7}},"32":{"start":{"line":73,"column":8},"end":{"line":73,"column":25}},"33":{"start":{"line":74,"column":8},"end":{"line":76,"column":17}},"34":{"start":{"line":75,"column":10},"end":{"line":75,"column":29}},"35":{"start":{"line":78,"column":8},"end":{"line":78,"column":68}},"36":{"start":{"line":81,"column":6},"end":{"line":81,"column":65}},"37":{"start":{"line":83,"column":6},"end":{"line":83,"column":24}},"38":{"start":{"line":87,"column":2},"end":{"line":149,"column":4}},"39":{"start":{"line":141,"column":27},"end":{"line":141,"column":45}}},"fnMap":{"0":{"name":"ResetPasswordPage","decl":{"start":{"line":6,"column":9},"end":{"line":6,"column":26}},"loc":{"start":{"line":6,"column":29},"end":{"line":150,"column":1}},"line":6},"1":{"name":"(anonymous_1)","decl":{"start":{"line":26,"column":21},"end":{"line":26,"column":22}},"loc":{"start":{"line":26,"column":27},"end":{"line":26,"column":55}},"line":26},"2":{"name":"(anonymous_2)","decl":{"start":{"line":36,"column":23},"end":{"line":36,"column":24}},"loc":{"start":{"line":36,"column":30},"end":{"line":43,"column":3}},"line":36},"3":{"name":"(anonymous_3)","decl":{"start":{"line":38,"column":16},"end":{"line":38,"column":17}},"loc":{"start":{"line":38,"column":27},"end":{"line":41,"column":5}},"line":38},"4":{"name":"(anonymous_4)","decl":{"start":{"line":45,"column":23},"end":{"line":45,"column":24}},"loc":{"start":{"line":45,"column":36},"end":{"line":85,"column":3}},"line":45},"5":{"name":"(anonymous_5)","decl":{"start":{"line":74,"column":19},"end":{"line":74,"column":20}},"loc":{"start":{"line":74,"column":25},"end":{"line":76,"column":9}},"line":74},"6":{"name":"(anonymous_6)","decl":{"start":{"line":141,"column":21},"end":{"line":141,"column":22}},"loc":{"start":{"line":141,"column":27},"end":{"line":141,"column":45}},"line":141}},"branchMap":{"0":{"loc":{"start":{"line":19,"column":2},"end":{"line":34,"column":3}},"type":"if","locations":[{"start":{"line":19,"column":2},"end":{"line":34,"column":3}},{"start":{},"end":{}}],"line":19},"1":{"loc":{"start":{"line":50,"column":4},"end":{"line":53,"column":5}},"type":"if","locations":[{"start":{"line":50,"column":4},"end":{"line":53,"column":5}},{"start":{},"end":{}}],"line":50},"2":{"loc":{"start":{"line":50,"column":8},"end":{"line":50,"column":55}},"type":"binary-expr","locations":[{"start":{"line":50,"column":8},"end":{"line":50,"column":26}},{"start":{"line":50,"column":30},"end":{"line":50,"column":55}}],"line":50},"3":{"loc":{"start":{"line":55,"column":4},"end":{"line":58,"column":5}},"type":"if","locations":[{"start":{"line":55,"column":4},"end":{"line":58,"column":5}},{"start":{},"end":{}}],"line":55},"4":{"loc":{"start":{"line":60,"column":4},"end":{"line":63,"column":5}},"type":"if","locations":[{"start":{"line":60,"column":4},"end":{"line":63,"column":5}},{"start":{},"end":{}}],"line":60},"5":{"loc":{"start":{"line":72,"column":6},"end":{"line":79,"column":7}},"type":"if","locations":[{"start":{"line":72,"column":6},"end":{"line":79,"column":7}},{"start":{"line":77,"column":13},"end":{"line":79,"column":7}}],"line":72},"6":{"loc":{"start":{"line":78,"column":17},"end":{"line":78,"column":66}},"type":"binary-expr","locations":[{"start":{"line":78,"column":17},"end":{"line":78,"column":36}},{"start":{"line":78,"column":40},"end":{"line":78,"column":66}}],"line":78},"7":{"loc":{"start":{"line":81,"column":15},"end":{"line":81,"column":63}},"type":"binary-expr","locations":[{"start":{"line":81,"column":15},"end":{"line":81,"column":40}},{"start":{"line":81,"column":44},"end":{"line":81,"column":63}}],"line":81},"8":{"loc":{"start":{"line":93,"column":9},"end":{"line":136,"column":9}},"type":"cond-expr","locations":[{"start":{"line":94,"column":10},"end":{"line":97,"column":16}},{"start":{"line":99,"column":10},"end":{"line":135,"column":17}}],"line":93},"9":{"loc":{"start":{"line":100,"column":13},"end":{"line":100,"column":66}},"type":"binary-expr","locations":[{"start":{"line":100,"column":13},"end":{"line":100,"column":18}},{"start":{"line":100,"column":22},"end":{"line":100,"column":66}}],"line":100},"10":{"loc":{"start":{"line":133,"column":15},"end":{"line":133,"column":58}},"type":"cond-expr","locations":[{"start":{"line":133,"column":25},"end":{"line":133,"column":39}},{"start":{"line":133,"column":42},"end":{"line":133,"column":58}}],"line":133}},"s":{"0":0,"1":0,"2":0,"3":0,"4":0,"5":0,"6":0,"7":0,"8":0,"9":0,"10":0,"11":0,"12":0,"13":0,"14":0,"15":0,"16":0,"17":0,"18":0,"19":0,"20":0,"21":0,"22":0,"23":0,"24":0,"25":0,"26":0,"27":0,"28":0,"29":0,"30":0,"31":0,"32":0,"33":0,"34":0,"35":0,"36":0,"37":0,"38":0,"39":0},"f":{"0":0,"1":0,"2":0,"3":0,"4":0,"5":0,"6":0},"b":{"0":[0,0],"1":[0,0],"2":[0,0],"3":[0,0],"4":[0,0],"5":[0,0],"6":[0,0],"7":[0,0],"8":[0,0],"9":[0,0],"10":[0,0]}}
,"/Users/pfk/Projects/wandyhwarang/frontend/src/services/api.js": {"path":"/Users/pfk/Projects/wandyhwarang/frontend/src/services/api.js","statementMap":{"0":{"start":{"line":3,"column":16},"end":{"line":3,"column":72}},"1":{"start":{"line":5,"column":12},"end":{"line":10,"column":2}},"2":{"start":{"line":13,"column":23},"end":{"line":44,"column":1}},"3":{"start":{"line":15,"column":18},"end":{"line":15,"column":51}},"4":{"start":{"line":16,"column":4},"end":{"line":18,"column":7}},"5":{"start":{"line":21,"column":18},"end":{"line":21,"column":51}},"6":{"start":{"line":22,"column":4},"end":{"line":24,"column":7}},"7":{"start":{"line":27,"column":18},"end":{"line":27,"column":51}},"8":{"start":{"line":28,"column":4},"end":{"line":30,"column":7}},"9":{"start":{"line":33,"column":18},"end":{"line":33,"column":51}},"10":{"start":{"line":34,"column":4},"end":{"line":36,"column":7}},"11":{"start":{"line":39,"column":18},"end":{"line":39,"column":51}},"12":{"start":{"line":40,"column":4},"end":{"line":42,"column":7}}},"fnMap":{"0":{"name":"(anonymous_0)","decl":{"start":{"line":14,"column":10},"end":{"line":14,"column":11}},"loc":{"start":{"line":14,"column":16},"end":{"line":19,"column":3}},"line":14},"1":{"name":"(anonymous_1)","decl":{"start":{"line":20,"column":11},"end":{"line":20,"column":12}},"loc":{"start":{"line":20,"column":19},"end":{"line":25,"column":3}},"line":20},"2":{"name":"(anonymous_2)","decl":{"start":{"line":26,"column":10},"end":{"line":26,"column":11}},"loc":{"start":{"line":26,"column":20},"end":{"line":31,"column":3}},"line":26},"3":{"name":"(anonymous_3)","decl":{"start":{"line":32,"column":10},"end":{"line":32,"column":11}},"loc":{"start":{"line":32,"column":24},"end":{"line":37,"column":3}},"line":32},"4":{"name":"(anonymous_4)","decl":{"start":{"line":38,"column":10},"end":{"line":38,"column":11}},"loc":{"start":{"line":38,"column":18},"end":{"line":43,"column":3}},"line":38}},"branchMap":{"0":{"loc":{"start":{"line":3,"column":16},"end":{"line":3,"column":72}},"type":"binary-expr","locations":[{"start":{"line":3,"column":16},"end":{"line":3,"column":45}},{"start":{"line":3,"column":49},"end":{"line":3,"column":72}}],"line":3}},"s":{"0":0,"1":0,"2":0,"3":0,"4":0,"5":0,"6":0,"7":0,"8":0,"9":0,"10":0,"11":0,"12":0},"f":{"0":0,"1":0,"2":0,"3":0,"4":0},"b":{"0":[0,0]}}
}
