{"/Users/pfk/Projects/wandyhwarang/frontend/src/App.js": {"path":"/Users/pfk/Projects/wandyhwarang/frontend/src/App.js","statementMap":{"0":{"start":{"line":9,"column":54},"end":{"line":9,"column":63}},"1":{"start":{"line":10,"column":42},"end":{"line":10,"column":56}},"2":{"start":{"line":11,"column":38},"end":{"line":11,"column":49}},"3":{"start":{"line":13,"column":21},"end":{"line":16,"column":3}},"4":{"start":{"line":14,"column":4},"end":{"line":14,"column":26}},"5":{"start":{"line":15,"column":4},"end":{"line":15,"column":38}},"6":{"start":{"line":15,"column":28},"end":{"line":15,"column":36}},"7":{"start":{"line":18,"column":21},"end":{"line":20,"column":3}},"8":{"start":{"line":19,"column":4},"end":{"line":19,"column":26}},"9":{"start":{"line":22,"column":23},"end":{"line":24,"column":3}},"10":{"start":{"line":23,"column":4},"end":{"line":23,"column":26}},"11":{"start":{"line":26,"column":23},"end":{"line":28,"column":3}},"12":{"start":{"line":27,"column":4},"end":{"line":27,"column":13}},"13":{"start":{"line":30,"column":2},"end":{"line":39,"column":3}},"14":{"start":{"line":31,"column":4},"end":{"line":38,"column":6}},"15":{"start":{"line":41,"column":2},"end":{"line":43,"column":3}},"16":{"start":{"line":42,"column":4},"end":{"line":42,"column":51}},"17":{"start":{"line":45,"column":2},"end":{"line":75,"column":4}}},"fnMap":{"0":{"name":"App","decl":{"start":{"line":8,"column":9},"end":{"line":8,"column":12}},"loc":{"start":{"line":8,"column":15},"end":{"line":76,"column":1}},"line":8},"1":{"name":"(anonymous_1)","decl":{"start":{"line":13,"column":21},"end":{"line":13,"column":22}},"loc":{"start":{"line":13,"column":27},"end":{"line":16,"column":3}},"line":13},"2":{"name":"(anonymous_2)","decl":{"start":{"line":15,"column":18},"end":{"line":15,"column":19}},"loc":{"start":{"line":15,"column":28},"end":{"line":15,"column":36}},"line":15},"3":{"name":"(anonymous_3)","decl":{"start":{"line":18,"column":21},"end":{"line":18,"column":22}},"loc":{"start":{"line":18,"column":31},"end":{"line":20,"column":3}},"line":18},"4":{"name":"(anonymous_4)","decl":{"start":{"line":22,"column":23},"end":{"line":22,"column":24}},"loc":{"start":{"line":22,"column":29},"end":{"line":24,"column":3}},"line":22},"5":{"name":"(anonymous_5)","decl":{"start":{"line":26,"column":23},"end":{"line":26,"column":24}},"loc":{"start":{"line":26,"column":29},"end":{"line":28,"column":3}},"line":26},"6":{"name":"(anonymous_6)","decl":{"start":{"line":42,"column":38},"end":{"line":42,"column":39}},"loc":{"start":{"line":42,"column":44},"end":{"line":42,"column":46}},"line":42}},"branchMap":{"0":{"loc":{"start":{"line":30,"column":2},"end":{"line":39,"column":3}},"type":"if","locations":[{"start":{"line":30,"column":2},"end":{"line":39,"column":3}},{"start":{},"end":{}}],"line":30},"1":{"loc":{"start":{"line":41,"column":2},"end":{"line":43,"column":3}},"type":"if","locations":[{"start":{"line":41,"column":2},"end":{"line":43,"column":3}},{"start":{},"end":{}}],"line":41}},"s":{"0":0,"1":0,"2":0,"3":0,"4":0,"5":0,"6":0,"7":0,"8":0,"9":0,"10":0,"11":0,"12":0,"13":0,"14":0,"15":0,"16":0,"17":0},"f":{"0":0,"1":0,"2":0,"3":0,"4":0,"5":0,"6":0},"b":{"0":[0,0],"1":[0,0]}}
,"/Users/pfk/Projects/wandyhwarang/frontend/src/index.js": {"path":"/Users/pfk/Projects/wandyhwarang/frontend/src/index.js","statementMap":{"0":{"start":{"line":7,"column":13},"end":{"line":7,"column":65}},"1":{"start":{"line":8,"column":0},"end":{"line":14,"column":2}}},"fnMap":{},"branchMap":{},"s":{"0":0,"1":0},"f":{},"b":{}}
,"/Users/pfk/Projects/wandyhwarang/frontend/src/components/UserForm.js": {"path":"/Users/pfk/Projects/wandyhwarang/frontend/src/components/UserForm.js","statementMap":{"0":{"start":{"line":7,"column":20},"end":{"line":7,"column":29}},"1":{"start":{"line":8,"column":34},"end":{"line":11,"column":4}},"2":{"start":{"line":12,"column":28},"end":{"line":12,"column":40}},"3":{"start":{"line":13,"column":32},"end":{"line":13,"column":47}},"4":{"start":{"line":15,"column":2},"end":{"line":22,"column":13}},"5":{"start":{"line":16,"column":4},"end":{"line":21,"column":5}},"6":{"start":{"line":17,"column":6},"end":{"line":20,"column":9}},"7":{"start":{"line":24,"column":23},"end":{"line":30,"column":3}},"8":{"start":{"line":25,"column":28},"end":{"line":25,"column":36}},"9":{"start":{"line":26,"column":4},"end":{"line":29,"column":8}},"10":{"start":{"line":26,"column":27},"end":{"line":29,"column":5}},"11":{"start":{"line":32,"column":23},"end":{"line":55,"column":3}},"12":{"start":{"line":33,"column":4},"end":{"line":33,"column":23}},"13":{"start":{"line":34,"column":4},"end":{"line":34,"column":17}},"14":{"start":{"line":35,"column":4},"end":{"line":35,"column":21}},"15":{"start":{"line":37,"column":4},"end":{"line":54,"column":5}},"16":{"start":{"line":38,"column":6},"end":{"line":46,"column":7}},"17":{"start":{"line":39,"column":8},"end":{"line":41,"column":11}},"18":{"start":{"line":43,"column":8},"end":{"line":45,"column":11}},"19":{"start":{"line":47,"column":6},"end":{"line":47,"column":15}},"20":{"start":{"line":48,"column":6},"end":{"line":48,"column":43}},"21":{"start":{"line":50,"column":23},"end":{"line":50,"column":71}},"22":{"start":{"line":51,"column":6},"end":{"line":51,"column":25}},"23":{"start":{"line":53,"column":6},"end":{"line":53,"column":24}},"24":{"start":{"line":57,"column":2},"end":{"line":95,"column":4}}},"fnMap":{"0":{"name":"UserForm","decl":{"start":{"line":6,"column":9},"end":{"line":6,"column":17}},"loc":{"start":{"line":6,"column":46},"end":{"line":96,"column":1}},"line":6},"1":{"name":"(anonymous_1)","decl":{"start":{"line":15,"column":12},"end":{"line":15,"column":13}},"loc":{"start":{"line":15,"column":18},"end":{"line":22,"column":3}},"line":15},"2":{"name":"(anonymous_2)","decl":{"start":{"line":24,"column":23},"end":{"line":24,"column":24}},"loc":{"start":{"line":24,"column":30},"end":{"line":30,"column":3}},"line":24},"3":{"name":"(anonymous_3)","decl":{"start":{"line":26,"column":16},"end":{"line":26,"column":17}},"loc":{"start":{"line":26,"column":27},"end":{"line":29,"column":5}},"line":26},"4":{"name":"(anonymous_4)","decl":{"start":{"line":32,"column":23},"end":{"line":32,"column":24}},"loc":{"start":{"line":32,"column":36},"end":{"line":55,"column":3}},"line":32}},"branchMap":{"0":{"loc":{"start":{"line":16,"column":4},"end":{"line":21,"column":5}},"type":"if","locations":[{"start":{"line":16,"column":4},"end":{"line":21,"column":5}},{"start":{},"end":{}}],"line":16},"1":{"loc":{"start":{"line":18,"column":14},"end":{"line":18,"column":29}},"type":"binary-expr","locations":[{"start":{"line":18,"column":14},"end":{"line":18,"column":23}},{"start":{"line":18,"column":27},"end":{"line":18,"column":29}}],"line":18},"2":{"loc":{"start":{"line":19,"column":15},"end":{"line":19,"column":31}},"type":"binary-expr","locations":[{"start":{"line":19,"column":15},"end":{"line":19,"column":25}},{"start":{"line":19,"column":29},"end":{"line":19,"column":31}}],"line":19},"3":{"loc":{"start":{"line":38,"column":6},"end":{"line":46,"column":7}},"type":"if","locations":[{"start":{"line":38,"column":6},"end":{"line":46,"column":7}},{"start":{"line":42,"column":13},"end":{"line":46,"column":7}}],"line":38},"4":{"loc":{"start":{"line":50,"column":23},"end":{"line":50,"column":71}},"type":"binary-expr","locations":[{"start":{"line":50,"column":23},"end":{"line":50,"column":48}},{"start":{"line":50,"column":52},"end":{"line":50,"column":71}}],"line":50},"5":{"loc":{"start":{"line":59,"column":11},"end":{"line":59,"column":46}},"type":"cond-expr","locations":[{"start":{"line":59,"column":18},"end":{"line":59,"column":29}},{"start":{"line":59,"column":32},"end":{"line":59,"column":46}}],"line":59},"6":{"loc":{"start":{"line":60,"column":7},"end":{"line":60,"column":60}},"type":"binary-expr","locations":[{"start":{"line":60,"column":7},"end":{"line":60,"column":12}},{"start":{"line":60,"column":16},"end":{"line":60,"column":60}}],"line":60},"7":{"loc":{"start":{"line":88,"column":11},"end":{"line":88,"column":41}},"type":"cond-expr","locations":[{"start":{"line":88,"column":21},"end":{"line":88,"column":32}},{"start":{"line":88,"column":35},"end":{"line":88,"column":41}}],"line":88}},"s":{"0":0,"1":0,"2":0,"3":0,"4":0,"5":0,"6":0,"7":0,"8":0,"9":0,"10":0,"11":0,"12":0,"13":0,"14":0,"15":0,"16":0,"17":0,"18":0,"19":0,"20":0,"21":0,"22":0,"23":0,"24":0},"f":{"0":0,"1":0,"2":0,"3":0,"4":0},"b":{"0":[0,0],"1":[0,0],"2":[0,0],"3":[0,0],"4":[0,0],"5":[0,0],"6":[0,0],"7":[0,0]}}
,"/Users/pfk/Projects/wandyhwarang/frontend/src/components/UserList.js": {"path":"/Users/pfk/Projects/wandyhwarang/frontend/src/components/UserList.js","statementMap":{"0":{"start":{"line":7,"column":20},"end":{"line":7,"column":29}},"1":{"start":{"line":8,"column":28},"end":{"line":8,"column":40}},"2":{"start":{"line":9,"column":32},"end":{"line":9,"column":47}},"3":{"start":{"line":10,"column":28},"end":{"line":10,"column":40}},"4":{"start":{"line":12,"column":2},"end":{"line":14,"column":23}},"5":{"start":{"line":13,"column":4},"end":{"line":13,"column":17}},"6":{"start":{"line":16,"column":21},"end":{"line":27,"column":3}},"7":{"start":{"line":17,"column":4},"end":{"line":17,"column":21}},"8":{"start":{"line":18,"column":4},"end":{"line":18,"column":17}},"9":{"start":{"line":19,"column":4},"end":{"line":26,"column":5}},"10":{"start":{"line":20,"column":23},"end":{"line":20,"column":45}},"11":{"start":{"line":21,"column":6},"end":{"line":21,"column":41}},"12":{"start":{"line":23,"column":6},"end":{"line":23,"column":69}},"13":{"start":{"line":25,"column":6},"end":{"line":25,"column":24}},"14":{"start":{"line":29,"column":23},"end":{"line":40,"column":3}},"15":{"start":{"line":30,"column":4},"end":{"line":39,"column":5}},"16":{"start":{"line":31,"column":6},"end":{"line":38,"column":7}},"17":{"start":{"line":32,"column":8},"end":{"line":34,"column":11}},"18":{"start":{"line":35,"column":8},"end":{"line":35,"column":21}},"19":{"start":{"line":37,"column":8},"end":{"line":37,"column":71}},"20":{"start":{"line":42,"column":2},"end":{"line":42,"column":70}},"21":{"start":{"line":42,"column":15},"end":{"line":42,"column":70}},"22":{"start":{"line":43,"column":2},"end":{"line":43,"column":65}},"23":{"start":{"line":43,"column":13},"end":{"line":43,"column":65}},"24":{"start":{"line":45,"column":2},"end":{"line":88,"column":4}},"25":{"start":{"line":63,"column":14},"end":{"line":82,"column":19}},"26":{"start":{"line":71,"column":35},"end":{"line":71,"column":47}},"27":{"start":{"line":77,"column":35},"end":{"line":77,"column":56}}},"fnMap":{"0":{"name":"UserList","decl":{"start":{"line":6,"column":9},"end":{"line":6,"column":17}},"loc":{"start":{"line":6,"column":46},"end":{"line":89,"column":1}},"line":6},"1":{"name":"(anonymous_1)","decl":{"start":{"line":12,"column":12},"end":{"line":12,"column":13}},"loc":{"start":{"line":12,"column":18},"end":{"line":14,"column":3}},"line":12},"2":{"name":"(anonymous_2)","decl":{"start":{"line":16,"column":21},"end":{"line":16,"column":22}},"loc":{"start":{"line":16,"column":33},"end":{"line":27,"column":3}},"line":16},"3":{"name":"(anonymous_3)","decl":{"start":{"line":29,"column":23},"end":{"line":29,"column":24}},"loc":{"start":{"line":29,"column":37},"end":{"line":40,"column":3}},"line":29},"4":{"name":"(anonymous_4)","decl":{"start":{"line":62,"column":23},"end":{"line":62,"column":24}},"loc":{"start":{"line":63,"column":14},"end":{"line":82,"column":19}},"line":63},"5":{"name":"(anonymous_5)","decl":{"start":{"line":71,"column":29},"end":{"line":71,"column":30}},"loc":{"start":{"line":71,"column":35},"end":{"line":71,"column":47}},"line":71},"6":{"name":"(anonymous_6)","decl":{"start":{"line":77,"column":29},"end":{"line":77,"column":30}},"loc":{"start":{"line":77,"column":35},"end":{"line":77,"column":56}},"line":77}},"branchMap":{"0":{"loc":{"start":{"line":21,"column":15},"end":{"line":21,"column":39}},"type":"binary-expr","locations":[{"start":{"line":21,"column":15},"end":{"line":21,"column":33}},{"start":{"line":21,"column":37},"end":{"line":21,"column":39}}],"line":21},"1":{"loc":{"start":{"line":23,"column":15},"end":{"line":23,"column":67}},"type":"binary-expr","locations":[{"start":{"line":23,"column":15},"end":{"line":23,"column":40}},{"start":{"line":23,"column":44},"end":{"line":23,"column":67}}],"line":23},"2":{"loc":{"start":{"line":30,"column":4},"end":{"line":39,"column":5}},"type":"if","locations":[{"start":{"line":30,"column":4},"end":{"line":39,"column":5}},{"start":{},"end":{}}],"line":30},"3":{"loc":{"start":{"line":37,"column":17},"end":{"line":37,"column":69}},"type":"binary-expr","locations":[{"start":{"line":37,"column":17},"end":{"line":37,"column":42}},{"start":{"line":37,"column":46},"end":{"line":37,"column":69}}],"line":37},"4":{"loc":{"start":{"line":42,"column":2},"end":{"line":42,"column":70}},"type":"if","locations":[{"start":{"line":42,"column":2},"end":{"line":42,"column":70}},{"start":{},"end":{}}],"line":42},"5":{"loc":{"start":{"line":43,"column":2},"end":{"line":43,"column":65}},"type":"if","locations":[{"start":{"line":43,"column":2},"end":{"line":43,"column":65}},{"start":{},"end":{}}],"line":43},"6":{"loc":{"start":{"line":48,"column":7},"end":{"line":86,"column":7}},"type":"cond-expr","locations":[{"start":{"line":49,"column":8},"end":{"line":49,"column":75}},{"start":{"line":51,"column":8},"end":{"line":85,"column":16}}],"line":48}},"s":{"0":0,"1":0,"2":0,"3":0,"4":0,"5":0,"6":0,"7":0,"8":0,"9":0,"10":0,"11":0,"12":0,"13":0,"14":0,"15":0,"16":0,"17":0,"18":0,"19":0,"20":0,"21":0,"22":0,"23":0,"24":0,"25":0,"26":0,"27":0},"f":{"0":0,"1":0,"2":0,"3":0,"4":0,"5":0,"6":0},"b":{"0":[0,0],"1":[0,0],"2":[0,0],"3":[0,0],"4":[0,0],"5":[0,0],"6":[0,0]}}
,"/Users/pfk/Projects/wandyhwarang/frontend/src/context/AuthContext.js": {"path":"/Users/pfk/Projects/wandyhwarang/frontend/src/context/AuthContext.js","statementMap":{"0":{"start":{"line":4,"column":20},"end":{"line":4,"column":35}},"1":{"start":{"line":7,"column":28},"end":{"line":7,"column":42}},"2":{"start":{"line":8,"column":28},"end":{"line":8,"column":71}},"3":{"start":{"line":9,"column":32},"end":{"line":9,"column":46}},"4":{"start":{"line":10,"column":28},"end":{"line":10,"column":42}},"5":{"start":{"line":13,"column":2},"end":{"line":19,"column":9}},"6":{"start":{"line":14,"column":4},"end":{"line":18,"column":5}},"7":{"start":{"line":15,"column":6},"end":{"line":15,"column":20}},"8":{"start":{"line":17,"column":6},"end":{"line":17,"column":24}},"9":{"start":{"line":21,"column":22},"end":{"line":38,"column":13}},"10":{"start":{"line":22,"column":4},"end":{"line":37,"column":5}},"11":{"start":{"line":23,"column":23},"end":{"line":27,"column":8}},"12":{"start":{"line":28,"column":6},"end":{"line":28,"column":36}},"13":{"start":{"line":29,"column":6},"end":{"line":29,"column":21}},"14":{"start":{"line":31,"column":6},"end":{"line":31,"column":21}},"15":{"start":{"line":32,"column":6},"end":{"line":32,"column":21}},"16":{"start":{"line":33,"column":6},"end":{"line":33,"column":43}},"17":{"start":{"line":34,"column":6},"end":{"line":34,"column":44}},"18":{"start":{"line":36,"column":6},"end":{"line":36,"column":24}},"19":{"start":{"line":40,"column":16},"end":{"line":67,"column":8}},"20":{"start":{"line":41,"column":4},"end":{"line":41,"column":21}},"21":{"start":{"line":42,"column":4},"end":{"line":42,"column":19}},"22":{"start":{"line":43,"column":4},"end":{"line":66,"column":5}},"23":{"start":{"line":44,"column":23},"end":{"line":47,"column":8}},"24":{"start":{"line":49,"column":6},"end":{"line":59,"column":7}},"25":{"start":{"line":50,"column":25},"end":{"line":50,"column":44}},"26":{"start":{"line":51,"column":8},"end":{"line":51,"column":27}},"27":{"start":{"line":52,"column":8},"end":{"line":52,"column":38}},"28":{"start":{"line":53,"column":8},"end":{"line":53,"column":52}},"29":{"start":{"line":54,"column":8},"end":{"line":54,"column":33}},"30":{"start":{"line":56,"column":25},"end":{"line":56,"column":62}},"31":{"start":{"line":57,"column":8},"end":{"line":57,"column":27}},"32":{"start":{"line":58,"column":8},"end":{"line":58,"column":51}},"33":{"start":{"line":61,"column":23},"end":{"line":61,"column":66}},"34":{"start":{"line":62,"column":6},"end":{"line":62,"column":25}},"35":{"start":{"line":63,"column":6},"end":{"line":63,"column":49}},"36":{"start":{"line":65,"column":6},"end":{"line":65,"column":24}},"37":{"start":{"line":69,"column":17},"end":{"line":74,"column":8}},"38":{"start":{"line":70,"column":4},"end":{"line":70,"column":19}},"39":{"start":{"line":71,"column":4},"end":{"line":71,"column":19}},"40":{"start":{"line":72,"column":4},"end":{"line":72,"column":41}},"41":{"start":{"line":73,"column":4},"end":{"line":73,"column":19}},"42":{"start":{"line":76,"column":19},"end":{"line":101,"column":8}},"43":{"start":{"line":77,"column":4},"end":{"line":77,"column":21}},"44":{"start":{"line":78,"column":4},"end":{"line":78,"column":19}},"45":{"start":{"line":79,"column":4},"end":{"line":100,"column":5}},"46":{"start":{"line":80,"column":23},"end":{"line":84,"column":8}},"47":{"start":{"line":86,"column":6},"end":{"line":93,"column":7}},"48":{"start":{"line":87,"column":8},"end":{"line":87,"column":23}},"49":{"start":{"line":88,"column":8},"end":{"line":88,"column":33}},"50":{"start":{"line":90,"column":25},"end":{"line":90,"column":69}},"51":{"start":{"line":91,"column":8},"end":{"line":91,"column":27}},"52":{"start":{"line":92,"column":8},"end":{"line":92,"column":51}},"53":{"start":{"line":95,"column":23},"end":{"line":95,"column":73}},"54":{"start":{"line":96,"column":6},"end":{"line":96,"column":25}},"55":{"start":{"line":97,"column":6},"end":{"line":97,"column":49}},"56":{"start":{"line":99,"column":6},"end":{"line":99,"column":24}},"57":{"start":{"line":103,"column":16},"end":{"line":112,"column":3}},"58":{"start":{"line":114,"column":2},"end":{"line":114,"column":79}},"59":{"start":{"line":118,"column":18},"end":{"line":118,"column":41}},"60":{"start":{"line":119,"column":2},"end":{"line":121,"column":3}},"61":{"start":{"line":120,"column":4},"end":{"line":120,"column":64}},"62":{"start":{"line":122,"column":2},"end":{"line":122,"column":17}}},"fnMap":{"0":{"name":"AuthProvider","decl":{"start":{"line":6,"column":16},"end":{"line":6,"column":28}},"loc":{"start":{"line":6,"column":43},"end":{"line":115,"column":1}},"line":6},"1":{"name":"(anonymous_1)","decl":{"start":{"line":13,"column":12},"end":{"line":13,"column":13}},"loc":{"start":{"line":13,"column":18},"end":{"line":19,"column":3}},"line":13},"2":{"name":"(anonymous_2)","decl":{"start":{"line":21,"column":34},"end":{"line":21,"column":35}},"loc":{"start":{"line":21,"column":46},"end":{"line":38,"column":3}},"line":21},"3":{"name":"(anonymous_3)","decl":{"start":{"line":40,"column":28},"end":{"line":40,"column":29}},"loc":{"start":{"line":40,"column":55},"end":{"line":67,"column":3}},"line":40},"4":{"name":"(anonymous_4)","decl":{"start":{"line":69,"column":29},"end":{"line":69,"column":30}},"loc":{"start":{"line":69,"column":35},"end":{"line":74,"column":3}},"line":69},"5":{"name":"(anonymous_5)","decl":{"start":{"line":76,"column":31},"end":{"line":76,"column":32}},"loc":{"start":{"line":76,"column":64},"end":{"line":101,"column":3}},"line":76},"6":{"name":"useAuth","decl":{"start":{"line":117,"column":16},"end":{"line":117,"column":23}},"loc":{"start":{"line":117,"column":26},"end":{"line":123,"column":1}},"line":117}},"branchMap":{"0":{"loc":{"start":{"line":14,"column":4},"end":{"line":18,"column":5}},"type":"if","locations":[{"start":{"line":14,"column":4},"end":{"line":18,"column":5}},{"start":{"line":16,"column":11},"end":{"line":18,"column":5}}],"line":14},"1":{"loc":{"start":{"line":49,"column":6},"end":{"line":59,"column":7}},"type":"if","locations":[{"start":{"line":49,"column":6},"end":{"line":59,"column":7}},{"start":{"line":55,"column":13},"end":{"line":59,"column":7}}],"line":49},"2":{"loc":{"start":{"line":56,"column":25},"end":{"line":56,"column":62}},"type":"binary-expr","locations":[{"start":{"line":56,"column":25},"end":{"line":56,"column":44}},{"start":{"line":56,"column":48},"end":{"line":56,"column":62}}],"line":56},"3":{"loc":{"start":{"line":61,"column":23},"end":{"line":61,"column":66}},"type":"binary-expr","locations":[{"start":{"line":61,"column":23},"end":{"line":61,"column":48}},{"start":{"line":61,"column":52},"end":{"line":61,"column":66}}],"line":61},"4":{"loc":{"start":{"line":86,"column":6},"end":{"line":93,"column":7}},"type":"if","locations":[{"start":{"line":86,"column":6},"end":{"line":93,"column":7}},{"start":{"line":89,"column":13},"end":{"line":93,"column":7}}],"line":86},"5":{"loc":{"start":{"line":90,"column":25},"end":{"line":90,"column":69}},"type":"binary-expr","locations":[{"start":{"line":90,"column":25},"end":{"line":90,"column":44}},{"start":{"line":90,"column":48},"end":{"line":90,"column":69}}],"line":90},"6":{"loc":{"start":{"line":95,"column":23},"end":{"line":95,"column":73}},"type":"binary-expr","locations":[{"start":{"line":95,"column":23},"end":{"line":95,"column":48}},{"start":{"line":95,"column":52},"end":{"line":95,"column":73}}],"line":95},"7":{"loc":{"start":{"line":108,"column":21},"end":{"line":108,"column":39}},"type":"binary-expr","locations":[{"start":{"line":108,"column":21},"end":{"line":108,"column":28}},{"start":{"line":108,"column":32},"end":{"line":108,"column":39}}],"line":108},"8":{"loc":{"start":{"line":119,"column":2},"end":{"line":121,"column":3}},"type":"if","locations":[{"start":{"line":119,"column":2},"end":{"line":121,"column":3}},{"start":{},"end":{}}],"line":119}},"s":{"0":2,"1":62,"2":62,"3":62,"4":62,"5":62,"6":22,"7":1,"8":21,"9":62,"10":1,"11":1,"12":0,"13":0,"14":1,"15":1,"16":1,"17":1,"18":1,"19":62,"20":11,"21":11,"22":11,"23":11,"24":7,"25":7,"26":7,"27":7,"28":7,"29":7,"30":0,"31":0,"32":0,"33":3,"34":3,"35":3,"36":10,"37":62,"38":2,"39":2,"40":2,"41":2,"42":62,"43":4,"44":4,"45":4,"46":4,"47":2,"48":2,"49":2,"50":0,"51":0,"52":0,"53":2,"54":2,"55":2,"56":4,"57":62,"58":62,"59":160,"60":160,"61":0,"62":160},"f":{"0":62,"1":22,"2":1,"3":11,"4":2,"5":4,"6":160},"b":{"0":[1,21],"1":[7,0],"2":[0,0],"3":[3,1],"4":[2,0],"5":[0,0],"6":[2,1],"7":[62,8],"8":[0,160]},"_coverageSchema":"1a1c01bbd47fc00a2c39e90264f33305004495a9","hash":"134a8206817ae4e831dec7875d1acef9049a6089"}
,"/Users/pfk/Projects/wandyhwarang/frontend/src/pages/LoginPage.js": {"path":"/Users/pfk/Projects/wandyhwarang/frontend/src/pages/LoginPage.js","statementMap":{"0":{"start":{"line":6,"column":36},"end":{"line":6,"column":45}},"1":{"start":{"line":7,"column":34},"end":{"line":10,"column":4}},"2":{"start":{"line":11,"column":38},"end":{"line":11,"column":50}},"3":{"start":{"line":13,"column":23},"end":{"line":20,"column":3}},"4":{"start":{"line":14,"column":28},"end":{"line":14,"column":36}},"5":{"start":{"line":15,"column":4},"end":{"line":18,"column":8}},"6":{"start":{"line":15,"column":27},"end":{"line":18,"column":5}},"7":{"start":{"line":19,"column":4},"end":{"line":19,"column":22}},"8":{"start":{"line":22,"column":23},"end":{"line":37,"column":3}},"9":{"start":{"line":23,"column":4},"end":{"line":23,"column":23}},"10":{"start":{"line":24,"column":4},"end":{"line":24,"column":22}},"11":{"start":{"line":26,"column":4},"end":{"line":29,"column":5}},"12":{"start":{"line":27,"column":6},"end":{"line":27,"column":55}},"13":{"start":{"line":28,"column":6},"end":{"line":28,"column":13}},"14":{"start":{"line":31,"column":19},"end":{"line":31,"column":65}},"15":{"start":{"line":32,"column":4},"end":{"line":36,"column":5}},"16":{"start":{"line":33,"column":6},"end":{"line":33,"column":23}},"17":{"start":{"line":35,"column":6},"end":{"line":35,"column":52}},"18":{"start":{"line":39,"column":2},"end":{"line":89,"column":4}}},"fnMap":{"0":{"name":"LoginPage","decl":{"start":{"line":5,"column":9},"end":{"line":5,"column":18}},"loc":{"start":{"line":5,"column":39},"end":{"line":90,"column":1}},"line":5},"1":{"name":"(anonymous_1)","decl":{"start":{"line":13,"column":23},"end":{"line":13,"column":24}},"loc":{"start":{"line":13,"column":30},"end":{"line":20,"column":3}},"line":13},"2":{"name":"(anonymous_2)","decl":{"start":{"line":15,"column":16},"end":{"line":15,"column":17}},"loc":{"start":{"line":15,"column":27},"end":{"line":18,"column":5}},"line":15},"3":{"name":"(anonymous_3)","decl":{"start":{"line":22,"column":23},"end":{"line":22,"column":24}},"loc":{"start":{"line":22,"column":36},"end":{"line":37,"column":3}},"line":22}},"branchMap":{"0":{"loc":{"start":{"line":26,"column":4},"end":{"line":29,"column":5}},"type":"if","locations":[{"start":{"line":26,"column":4},"end":{"line":29,"column":5}},{"start":{},"end":{}}],"line":26},"1":{"loc":{"start":{"line":26,"column":8},"end":{"line":26,"column":45}},"type":"binary-expr","locations":[{"start":{"line":26,"column":8},"end":{"line":26,"column":23}},{"start":{"line":26,"column":27},"end":{"line":26,"column":45}}],"line":26},"2":{"loc":{"start":{"line":32,"column":4},"end":{"line":36,"column":5}},"type":"if","locations":[{"start":{"line":32,"column":4},"end":{"line":36,"column":5}},{"start":{"line":34,"column":11},"end":{"line":36,"column":5}}],"line":32},"3":{"loc":{"start":{"line":35,"column":20},"end":{"line":35,"column":50}},"type":"binary-expr","locations":[{"start":{"line":35,"column":20},"end":{"line":35,"column":32}},{"start":{"line":35,"column":36},"end":{"line":35,"column":50}}],"line":35},"4":{"loc":{"start":{"line":46,"column":11},"end":{"line":48,"column":11}},"type":"binary-expr","locations":[{"start":{"line":46,"column":12},"end":{"line":46,"column":17}},{"start":{"line":46,"column":21},"end":{"line":46,"column":31}},{"start":{"line":47,"column":12},"end":{"line":47,"column":70}}],"line":46},"5":{"loc":{"start":{"line":47,"column":44},"end":{"line":47,"column":63}},"type":"binary-expr","locations":[{"start":{"line":47,"column":44},"end":{"line":47,"column":49}},{"start":{"line":47,"column":53},"end":{"line":47,"column":63}}],"line":47},"6":{"loc":{"start":{"line":78,"column":13},"end":{"line":78,"column":48}},"type":"cond-expr","locations":[{"start":{"line":78,"column":23},"end":{"line":78,"column":38}},{"start":{"line":78,"column":41},"end":{"line":78,"column":48}}],"line":78}},"s":{"0":118,"1":118,"2":118,"3":118,"4":97,"5":97,"6":97,"7":97,"8":118,"9":5,"10":5,"11":5,"12":3,"13":3,"14":2,"15":1,"16":1,"17":0,"18":118},"f":{"0":118,"1":97,"2":97,"3":5},"b":{"0":[3,2],"1":[5,3],"2":[1,0],"3":[0,0],"4":[118,118,3],"5":[3,3],"6":[10,108]},"_coverageSchema":"1a1c01bbd47fc00a2c39e90264f33305004495a9","hash":"3bc866f523ed8cb1f0b4d7e0c3e071f20a093cbe"}
,"/Users/pfk/Projects/wandyhwarang/frontend/src/services/api.js": {"path":"/Users/pfk/Projects/wandyhwarang/frontend/src/services/api.js","statementMap":{"0":{"start":{"line":3,"column":16},"end":{"line":3,"column":72}},"1":{"start":{"line":5,"column":12},"end":{"line":10,"column":2}},"2":{"start":{"line":13,"column":23},"end":{"line":19,"column":1}},"3":{"start":{"line":14,"column":16},"end":{"line":14,"column":37}},"4":{"start":{"line":15,"column":19},"end":{"line":15,"column":46}},"5":{"start":{"line":16,"column":20},"end":{"line":16,"column":48}},"6":{"start":{"line":17,"column":24},"end":{"line":17,"column":57}},"7":{"start":{"line":18,"column":18},"end":{"line":18,"column":48}}},"fnMap":{"0":{"name":"(anonymous_0)","decl":{"start":{"line":14,"column":10},"end":{"line":14,"column":11}},"loc":{"start":{"line":14,"column":16},"end":{"line":14,"column":37}},"line":14},"1":{"name":"(anonymous_1)","decl":{"start":{"line":15,"column":11},"end":{"line":15,"column":12}},"loc":{"start":{"line":15,"column":19},"end":{"line":15,"column":46}},"line":15},"2":{"name":"(anonymous_2)","decl":{"start":{"line":16,"column":10},"end":{"line":16,"column":11}},"loc":{"start":{"line":16,"column":20},"end":{"line":16,"column":48}},"line":16},"3":{"name":"(anonymous_3)","decl":{"start":{"line":17,"column":10},"end":{"line":17,"column":11}},"loc":{"start":{"line":17,"column":24},"end":{"line":17,"column":57}},"line":17},"4":{"name":"(anonymous_4)","decl":{"start":{"line":18,"column":10},"end":{"line":18,"column":11}},"loc":{"start":{"line":18,"column":18},"end":{"line":18,"column":48}},"line":18}},"branchMap":{"0":{"loc":{"start":{"line":3,"column":16},"end":{"line":3,"column":72}},"type":"binary-expr","locations":[{"start":{"line":3,"column":16},"end":{"line":3,"column":45}},{"start":{"line":3,"column":49},"end":{"line":3,"column":72}}],"line":3}},"s":{"0":2,"1":2,"2":2,"3":0,"4":0,"5":0,"6":0,"7":0},"f":{"0":0,"1":0,"2":0,"3":0,"4":0},"b":{"0":[2,2]},"_coverageSchema":"1a1c01bbd47fc00a2c39e90264f33305004495a9","hash":"46d7c9f20ae5d987db33ed4e5451a3bf168379c3"}
}
