TN:
SF:src/App.js
FN:8,App
FN:13,(anonymous_1)
FN:15,(anonymous_2)
FN:18,(anonymous_3)
FN:22,(anonymous_4)
FN:26,(anonymous_5)
FN:42,(anonymous_6)
FNF:7
FNH:0
FNDA:0,App
FNDA:0,(anonymous_1)
FNDA:0,(anonymous_2)
FNDA:0,(anonymous_3)
FNDA:0,(anonymous_4)
FNDA:0,(anonymous_5)
FNDA:0,(anonymous_6)
DA:9,0
DA:10,0
DA:11,0
DA:13,0
DA:14,0
DA:15,0
DA:18,0
DA:19,0
DA:22,0
DA:23,0
DA:26,0
DA:27,0
DA:30,0
DA:31,0
DA:41,0
DA:42,0
DA:45,0
LF:17
LH:0
BRDA:30,0,0,0
BRDA:30,0,1,0
BRDA:41,1,0,0
BRDA:41,1,1,0
BRF:4
BRH:0
end_of_record
TN:
SF:src/index.js
FNF:0
FNH:0
DA:7,0
DA:8,0
LF:2
LH:0
BRF:0
BRH:0
end_of_record
TN:
SF:src/components/UserForm.js
FN:6,UserForm
FN:15,(anonymous_1)
FN:24,(anonymous_2)
FN:26,(anonymous_3)
FN:32,(anonymous_4)
FNF:5
FNH:0
FNDA:0,UserForm
FNDA:0,(anonymous_1)
FNDA:0,(anonymous_2)
FNDA:0,(anonymous_3)
FNDA:0,(anonymous_4)
DA:7,0
DA:8,0
DA:12,0
DA:13,0
DA:15,0
DA:16,0
DA:17,0
DA:24,0
DA:25,0
DA:26,0
DA:32,0
DA:33,0
DA:34,0
DA:35,0
DA:37,0
DA:38,0
DA:39,0
DA:43,0
DA:47,0
DA:48,0
DA:50,0
DA:51,0
DA:53,0
DA:57,0
LF:24
LH:0
BRDA:16,0,0,0
BRDA:16,0,1,0
BRDA:18,1,0,0
BRDA:18,1,1,0
BRDA:19,2,0,0
BRDA:19,2,1,0
BRDA:38,3,0,0
BRDA:38,3,1,0
BRDA:50,4,0,0
BRDA:50,4,1,0
BRDA:59,5,0,0
BRDA:59,5,1,0
BRDA:60,6,0,0
BRDA:60,6,1,0
BRDA:88,7,0,0
BRDA:88,7,1,0
BRF:16
BRH:0
end_of_record
TN:
SF:src/components/UserList.js
FN:6,UserList
FN:12,(anonymous_1)
FN:16,(anonymous_2)
FN:29,(anonymous_3)
FN:62,(anonymous_4)
FN:71,(anonymous_5)
FN:77,(anonymous_6)
FNF:7
FNH:0
FNDA:0,UserList
FNDA:0,(anonymous_1)
FNDA:0,(anonymous_2)
FNDA:0,(anonymous_3)
FNDA:0,(anonymous_4)
FNDA:0,(anonymous_5)
FNDA:0,(anonymous_6)
DA:7,0
DA:8,0
DA:9,0
DA:10,0
DA:12,0
DA:13,0
DA:16,0
DA:17,0
DA:18,0
DA:19,0
DA:20,0
DA:21,0
DA:23,0
DA:25,0
DA:29,0
DA:30,0
DA:31,0
DA:32,0
DA:35,0
DA:37,0
DA:42,0
DA:43,0
DA:45,0
DA:63,0
DA:71,0
DA:77,0
LF:26
LH:0
BRDA:21,0,0,0
BRDA:21,0,1,0
BRDA:23,1,0,0
BRDA:23,1,1,0
BRDA:30,2,0,0
BRDA:30,2,1,0
BRDA:37,3,0,0
BRDA:37,3,1,0
BRDA:42,4,0,0
BRDA:42,4,1,0
BRDA:43,5,0,0
BRDA:43,5,1,0
BRDA:48,6,0,0
BRDA:48,6,1,0
BRF:14
BRH:0
end_of_record
TN:
SF:src/context/AuthContext.js
FN:6,AuthProvider
FN:13,(anonymous_1)
FN:21,(anonymous_2)
FN:40,(anonymous_3)
FN:69,(anonymous_4)
FN:76,(anonymous_5)
FN:117,useAuth
FNF:7
FNH:7
FNDA:62,AuthProvider
FNDA:22,(anonymous_1)
FNDA:1,(anonymous_2)
FNDA:11,(anonymous_3)
FNDA:2,(anonymous_4)
FNDA:4,(anonymous_5)
FNDA:160,useAuth
DA:4,2
DA:7,62
DA:8,62
DA:9,62
DA:10,62
DA:13,62
DA:14,22
DA:15,1
DA:17,21
DA:21,62
DA:22,1
DA:23,1
DA:28,0
DA:29,0
DA:31,1
DA:32,1
DA:33,1
DA:34,1
DA:36,1
DA:40,62
DA:41,11
DA:42,11
DA:43,11
DA:44,11
DA:49,7
DA:50,7
DA:51,7
DA:52,7
DA:53,7
DA:54,7
DA:56,0
DA:57,0
DA:58,0
DA:61,3
DA:62,3
DA:63,3
DA:65,10
DA:69,62
DA:70,2
DA:71,2
DA:72,2
DA:73,2
DA:76,62
DA:77,4
DA:78,4
DA:79,4
DA:80,4
DA:86,2
DA:87,2
DA:88,2
DA:90,0
DA:91,0
DA:92,0
DA:95,2
DA:96,2
DA:97,2
DA:99,4
DA:103,62
DA:114,62
DA:118,160
DA:119,160
DA:120,0
DA:122,160
LF:63
LH:54
BRDA:14,0,0,1
BRDA:14,0,1,21
BRDA:49,1,0,7
BRDA:49,1,1,0
BRDA:56,2,0,0
BRDA:56,2,1,0
BRDA:61,3,0,3
BRDA:61,3,1,1
BRDA:86,4,0,2
BRDA:86,4,1,0
BRDA:90,5,0,0
BRDA:90,5,1,0
BRDA:95,6,0,2
BRDA:95,6,1,1
BRDA:108,7,0,62
BRDA:108,7,1,8
BRDA:119,8,0,0
BRDA:119,8,1,160
BRF:18
BRH:11
end_of_record
TN:
SF:src/pages/LoginPage.js
FN:5,LoginPage
FN:13,(anonymous_1)
FN:15,(anonymous_2)
FN:22,(anonymous_3)
FNF:4
FNH:4
FNDA:118,LoginPage
FNDA:97,(anonymous_1)
FNDA:97,(anonymous_2)
FNDA:5,(anonymous_3)
DA:6,118
DA:7,118
DA:11,118
DA:13,118
DA:14,97
DA:15,97
DA:19,97
DA:22,118
DA:23,5
DA:24,5
DA:26,5
DA:27,3
DA:28,3
DA:31,2
DA:32,1
DA:33,1
DA:35,0
DA:39,118
LF:18
LH:17
BRDA:26,0,0,3
BRDA:26,0,1,2
BRDA:26,1,0,5
BRDA:26,1,1,3
BRDA:32,2,0,1
BRDA:32,2,1,0
BRDA:35,3,0,0
BRDA:35,3,1,0
BRDA:46,4,0,118
BRDA:46,4,1,118
BRDA:46,4,2,3
BRDA:47,5,0,3
BRDA:47,5,1,3
BRDA:78,6,0,10
BRDA:78,6,1,108
BRF:15
BRH:12
end_of_record
TN:
SF:src/services/api.js
FN:14,(anonymous_0)
FN:15,(anonymous_1)
FN:16,(anonymous_2)
FN:17,(anonymous_3)
FN:18,(anonymous_4)
FNF:5
FNH:0
FNDA:0,(anonymous_0)
FNDA:0,(anonymous_1)
FNDA:0,(anonymous_2)
FNDA:0,(anonymous_3)
FNDA:0,(anonymous_4)
DA:3,2
DA:5,2
DA:13,2
DA:14,0
DA:15,0
DA:16,0
DA:17,0
DA:18,0
LF:8
LH:3
BRDA:3,0,0,2
BRDA:3,0,1,2
BRF:2
BRH:2
end_of_record
